{"meta": {"format": 3, "version": "7.13.5", "timestamp": "2026-05-13T02:07:38.346320", "branch_coverage": false, "show_contexts": false}, "files": {"api/__init__.py": {"executed_lines": [], "summary": {"covered_lines": 0, "num_statements": 0, "percent_covered": 100.0, "percent_covered_display": "100", "missing_lines": 0, "excluded_lines": 0, "percent_statements_covered": 100.0, "percent_statements_covered_display": "100"}, "missing_lines": [], "excluded_lines": [], "functions": {"": {"executed_lines": [], "summary": {"covered_lines": 0, "num_statements": 0, "percent_covered": 100.0, "percent_covered_display": "100", "missing_lines": 0, "excluded_lines": 0, "percent_statements_covered": 100.0, "percent_statements_covered_display": "100"}, "missing_lines": [], "excluded_lines": [], "start_line": 1}}, "classes": {"": {"executed_lines": [], "summary": {"covered_lines": 0, "num_statements": 0, "percent_covered": 100.0, "percent_covered_display": "100", "missing_lines": 0, "excluded_lines": 0, "percent_statements_covered": 100.0, "percent_statements_covered_display": "100"}, "missing_lines": [], "excluded_lines": [], "start_line": 1}}}, "backtest/__init__.py": {"executed_lines": [], "summary": {"covered_lines": 0, "num_statements": 0, "percent_covered": 100.0, "percent_covered_display": "100", "missing_lines": 0, "excluded_lines": 0, "percent_statements_covered": 100.0, "percent_statements_covered_display": "100"}, "missing_lines": [], "excluded_lines": [], "functions": {"": {"executed_lines": [], "summary": {"covered_lines": 0, "num_statements": 0, "percent_covered": 100.0, "percent_covered_display": "100", "missing_lines": 0, "excluded_lines": 0, "percent_statements_covered": 100.0, "percent_statements_covered_display": "100"}, "missing_lines": [], "excluded_lines": [], "start_line": 1}}, "classes": {"": {"executed_lines": [], "summary": {"covered_lines": 0, "num_statements": 0, "percent_covered": 100.0, "percent_covered_display": "100", "missing_lines": 0, "excluded_lines": 0, "percent_statements_covered": 100.0, "percent_statements_covered_display": "100"}, "missing_lines": [], "excluded_lines": [], "start_line": 1}}}, "config/__init__.py": {"executed_lines": [], "summary": {"covered_lines": 0, "num_statements": 0, "percent_covered": 100.0, "percent_covered_display": "100", "missing_lines": 0, "excluded_lines": 0, "percent_statements_covered": 100.0, "percent_statements_covered_display": "100"}, "missing_lines": [], "excluded_lines": [], "functions": {"": {"executed_lines": [], "summary": {"covered_lines": 0, "num_statements": 0, "percent_covered": 100.0, "percent_covered_display": "100", "missing_lines": 0, "excluded_lines": 0, "percent_statements_covered": 100.0, "percent_statements_covered_display": "100"}, "missing_lines": [], "excluded_lines": [], "start_line": 1}}, "classes": {"": {"executed_lines": [], "summary": {"covered_lines": 0, "num_statements": 0, "percent_covered": 100.0, "percent_covered_display": "100", "missing_lines": 0, "excluded_lines": 0, "percent_statements_covered": 100.0, "percent_statements_covered_display": "100"}, "missing_lines": [], "excluded_lines": [], "start_line": 1}}}, "config/settings.py": {"executed_lines": [2, 4, 7, 10, 16, 17, 18, 19, 20, 21, 22, 23, 24, 25, 26, 27, 28, 29, 30, 31, 32, 33, 34, 35, 36, 37, 38, 39, 40, 41, 42, 43, 44, 45, 46, 47, 49, 50, 52, 57, 58, 60, 61, 62, 65], "summary": {"covered_lines": 45, "num_statements": 45, "percent_covered": 100.0, "percent_covered_display": "100", "missing_lines": 0, "excluded_lines": 0, "percent_statements_covered": 100.0, "percent_statements_covered_display": "100"}, "missing_lines": [], "excluded_lines": [], "functions": {"Settings.pg_dsn": {"executed_lines": [52], "summary": {"covered_lines": 1, "num_statements": 1, "percent_covered": 100.0, "percent_covered_display": "100", "missing_lines": 0, "excluded_lines": 0, "percent_statements_covered": 100.0, "percent_statements_covered_display": "100"}, "missing_lines": [], "excluded_lines": [], "start_line": 50}, "Settings.log_dir_path": {"executed_lines": [60, 61, 62], "summary": {"covered_lines": 3, "num_statements": 3, "percent_covered": 100.0, "percent_covered_display": "100", "missing_lines": 0, "excluded_lines": 0, "percent_statements_covered": 100.0, "percent_statements_covered_display": "100"}, "missing_lines": [], "excluded_lines": [], "start_line": 58}, "": {"executed_lines": [2, 4, 7, 10, 16, 17, 18, 19, 20, 21, 22, 23, 24, 25, 26, 27, 28, 29, 30, 31, 32, 33, 34, 35, 36, 37, 38, 39, 40, 41, 42, 43, 44, 45, 46, 47, 49, 50, 57, 58, 65], "summary": {"covered_lines": 41, "num_statements": 41, "percent_covered": 100.0, "percent_covered_display": "100", "missing_lines": 0, "excluded_lines": 0, "percent_statements_covered": 100.0, "percent_statements_covered_display": "100"}, "missing_lines": [], "excluded_lines": [], "start_line": 1}}, "classes": {"Settings": {"executed_lines": [52, 60, 61, 62], "summary": {"covered_lines": 4, "num_statements": 4, "percent_covered": 100.0, "percent_covered_display": "100", "missing_lines": 0, "excluded_lines": 0, "percent_statements_covered": 100.0, "percent_statements_covered_display": "100"}, "missing_lines": [], "excluded_lines": [], "start_line": 7}, "": {"executed_lines": [2, 4, 7, 10, 16, 17, 18, 19, 20, 21, 22, 23, 24, 25, 26, 27, 28, 29, 30, 31, 32, 33, 34, 35, 36, 37, 38, 39, 40, 41, 42, 43, 44, 45, 46, 47, 49, 50, 57, 58, 65], "summary": {"covered_lines": 41, "num_statements": 41, "percent_covered": 100.0, "percent_covered_display": "100", "missing_lines": 0, "excluded_lines": 0, "percent_statements_covered": 100.0, "percent_statements_covered_display": "100"}, "missing_lines": [], "excluded_lines": [], "start_line": 1}}}, "data/__init__.py": {"executed_lines": [], "summary": {"covered_lines": 0, "num_statements": 0, "percent_covered": 100.0, "percent_covered_display": "100", "missing_lines": 0, "excluded_lines": 0, "percent_statements_covered": 100.0, "percent_statements_covered_display": "100"}, "missing_lines": [], "excluded_lines": [], "functions": {"": {"executed_lines": [], "summary": {"covered_lines": 0, "num_statements": 0, "percent_covered": 100.0, "percent_covered_display": "100", "missing_lines": 0, "excluded_lines": 0, "percent_statements_covered": 100.0, "percent_statements_covered_display": "100"}, "missing_lines": [], "excluded_lines": [], "start_line": 1}}, "classes": {"": {"executed_lines": [], "summary": {"covered_lines": 0, "num_statements": 0, "percent_covered": 100.0, "percent_covered_display": "100", "missing_lines": 0, "excluded_lines": 0, "percent_statements_covered": 100.0, "percent_statements_covered_display": "100"}, "missing_lines": [], "excluded_lines": [], "start_line": 1}}}, "data/adjust/__init__.py": {"executed_lines": [3, 5], "summary": {"covered_lines": 2, "num_statements": 2, "percent_covered": 100.0, "percent_covered_display": "100", "missing_lines": 0, "excluded_lines": 0, "percent_statements_covered": 100.0, "percent_statements_covered_display": "100"}, "missing_lines": [], "excluded_lines": [], "functions": {"": {"executed_lines": [3, 5], "summary": {"covered_lines": 2, "num_statements": 2, "percent_covered": 100.0, "percent_covered_display": "100", "missing_lines": 0, "excluded_lines": 0, "percent_statements_covered": 100.0, "percent_statements_covered_display": "100"}, "missing_lines": [], "excluded_lines": [], "start_line": 1}}, "classes": {"": {"executed_lines": [3, 5], "summary": {"covered_lines": 2, "num_statements": 2, "percent_covered": 100.0, "percent_covered_display": "100", "missing_lines": 0, "excluded_lines": 0, "percent_statements_covered": 100.0, "percent_statements_covered_display": "100"}, "missing_lines": [], "excluded_lines": [], "start_line": 1}}}, "data/adjust/adjuster.py": {"executed_lines": [3, 5, 7, 9, 10, 12, 15, 18, 26, 27, 28, 29, 32, 33, 34, 37, 42, 47, 48, 49, 51, 52, 53, 54, 56, 57, 58, 60, 61, 62, 63, 64, 70, 71, 72, 73, 74], "summary": {"covered_lines": 37, "num_statements": 44, "percent_covered": 84.0909090909091, "percent_covered_display": "84", "missing_lines": 7, "excluded_lines": 0, "percent_statements_covered": 84.0909090909091, "percent_statements_covered_display": "84"}, "missing_lines": [30, 35, 43, 44, 45, 65, 75], "excluded_lines": [], "functions": {"PriceAdjuster.apply": {"executed_lines": [26, 27, 28, 29, 32, 33, 34, 37, 42, 47, 48, 49, 51, 52, 53, 54, 56, 57, 58], "summary": {"covered_lines": 19, "num_statements": 24, "percent_covered": 79.16666666666667, "percent_covered_display": "79", "missing_lines": 5, "excluded_lines": 0, "percent_statements_covered": 79.16666666666667, "percent_statements_covered_display": "79"}, "missing_lines": [30, 35, 43, 44, 45], "excluded_lines": [], "start_line": 18}, "PriceAdjuster._validate_daily_bar_columns": {"executed_lines": [62, 63, 64], "summary": {"covered_lines": 3, "num_statements": 4, "percent_covered": 75.0, "percent_covered_display": "75", "missing_lines": 1, "excluded_lines": 0, "percent_statements_covered": 75.0, "percent_statements_covered_display": "75"}, "missing_lines": [65], "excluded_lines": [], "start_line": 61}, "PriceAdjuster._validate_adj_factor_columns": {"executed_lines": [72, 73, 74], "summary": {"covered_lines": 3, "num_statements": 4, "percent_covered": 75.0, "percent_covered_display": "75", "missing_lines": 1, "excluded_lines": 0, "percent_statements_covered": 75.0, "percent_statements_covered_display": "75"}, "missing_lines": [75], "excluded_lines": [], "start_line": 71}, "": {"executed_lines": [3, 5, 7, 9, 10, 12, 15, 18, 60, 61, 70, 71], "summary": {"covered_lines": 12, "num_statements": 12, "percent_covered": 100.0, "percent_covered_display": "100", "missing_lines": 0, "excluded_lines": 0, "percent_statements_covered": 100.0, "percent_statements_covered_display": "100"}, "missing_lines": [], "excluded_lines": [], "start_line": 1}}, "classes": {"PriceAdjuster": {"executed_lines": [26, 27, 28, 29, 32, 33, 34, 37, 42, 47, 48, 49, 51, 52, 53, 54, 56, 57, 58, 62, 63, 64, 72, 73, 74], "summary": {"covered_lines": 25, "num_statements": 32, "percent_covered": 78.125, "percent_covered_display": "78", "missing_lines": 7, "excluded_lines": 0, "percent_statements_covered": 78.125, "percent_statements_covered_display": "78"}, "missing_lines": [30, 35, 43, 44, 45, 65, 75], "excluded_lines": [], "start_line": 15}, "": {"executed_lines": [3, 5, 7, 9, 10, 12, 15, 18, 60, 61, 70, 71], "summary": {"covered_lines": 12, "num_statements": 12, "percent_covered": 100.0, "percent_covered_display": "100", "missing_lines": 0, "excluded_lines": 0, "percent_statements_covered": 100.0, "percent_statements_covered_display": "100"}, "missing_lines": [], "excluded_lines": [], "start_line": 1}}}, "data/api.py": {"executed_lines": [3, 5, 6, 8, 10, 11, 12, 13, 15, 16, 17, 18, 19, 26, 36, 37, 39, 40, 41, 42, 43, 45, 46, 47, 49, 50, 51, 55, 56, 59, 60, 61, 63, 64, 65, 68, 76, 77, 78, 80, 81, 83, 84, 85, 86, 87, 88, 90, 93, 95, 96, 97, 100, 101, 102, 103, 104, 105, 107, 108, 109, 112, 114, 115, 116, 117, 118, 119, 120, 121, 124, 126, 127, 128, 129, 130, 131, 132, 133, 136, 138, 139, 140, 142, 143, 144, 145, 146, 147, 150, 152, 153, 154, 155, 156, 159, 168, 169, 170, 171, 173, 174, 175, 176, 177, 179, 180, 181, 184, 192, 193, 194, 196, 197, 198, 199, 200, 201, 203, 204, 206, 207, 210, 217, 218, 219, 220, 221, 224, 225, 226, 227, 228, 229, 230, 231, 233, 234, 237, 238, 239, 240, 243, 244, 245, 246, 249, 250, 251, 254, 255, 256, 259, 260, 261, 262, 263, 264, 267, 268, 269, 270, 271, 272, 274, 275, 276, 280, 281, 282, 283, 284, 287, 288, 291, 297, 298, 300, 301, 302, 303, 304, 305, 306, 307, 308, 311, 312, 313, 314, 315, 318, 319, 320, 322, 323, 324, 325, 326, 327, 328, 331, 332, 333, 335, 338, 339, 341, 342, 345, 346, 347, 348, 349, 350], "summary": {"covered_lines": 215, "num_statements": 220, "percent_covered": 97.72727272727273, "percent_covered_display": "98", "missing_lines": 5, "excluded_lines": 0, "percent_statements_covered": 97.72727272727273, "percent_statements_covered_display": "98"}, "missing_lines": [98, 232, 277, 334, 340], "excluded_lines": [], "functions": {"get_price": {"executed_lines": [36, 37, 39, 40, 41, 42, 43, 45, 46, 47, 49, 50, 51, 55, 56, 59, 60, 61, 63, 64, 65], "summary": {"covered_lines": 21, "num_statements": 21, "percent_covered": 100.0, "percent_covered_display": "100", "missing_lines": 0, "excluded_lines": 0, "percent_statements_covered": 100.0, "percent_statements_covered_display": "100"}, "missing_lines": [], "excluded_lines": [], "start_line": 26}, "get_fundamentals": {"executed_lines": [76, 77, 78, 80, 81, 83, 84, 85, 86, 87, 88, 90], "summary": {"covered_lines": 12, "num_statements": 12, "percent_covered": 100.0, "percent_covered_display": "100", "missing_lines": 0, "excluded_lines": 0, "percent_statements_covered": 100.0, "percent_statements_covered_display": "100"}, "missing_lines": [], "excluded_lines": [], "start_line": 68}, "get_index_stocks": {"executed_lines": [95, 96, 97, 100, 101, 102, 103, 104, 105, 107, 108, 109], "summary": {"covered_lines": 12, "num_statements": 13, "percent_covered": 92.3076923076923, "percent_covered_display": "92", "missing_lines": 1, "excluded_lines": 0, "percent_statements_covered": 92.3076923076923, "percent_statements_covered_display": "92"}, "missing_lines": [98], "excluded_lines": [], "start_line": 93}, "get_industry_stocks": {"executed_lines": [114, 115, 116, 117, 118, 119, 120, 121], "summary": {"covered_lines": 8, "num_statements": 8, "percent_covered": 100.0, "percent_covered_display": "100", "missing_lines": 0, "excluded_lines": 0, "percent_statements_covered": 100.0, "percent_statements_covered_display": "100"}, "missing_lines": [], "excluded_lines": [], "start_line": 112}, "get_concept_stocks": {"executed_lines": [126, 127, 128, 129, 130, 131, 132, 133], "summary": {"covered_lines": 8, "num_statements": 8, "percent_covered": 100.0, "percent_covered_display": "100", "missing_lines": 0, "excluded_lines": 0, "percent_statements_covered": 100.0, "percent_statements_covered_display": "100"}, "missing_lines": [], "excluded_lines": [], "start_line": 124}, "get_trade_days": {"executed_lines": [138, 139, 140, 142, 143, 144, 145, 146, 147], "summary": {"covered_lines": 9, "num_statements": 9, "percent_covered": 100.0, "percent_covered_display": "100", "missing_lines": 0, "excluded_lines": 0, "percent_statements_covered": 100.0, "percent_statements_covered_display": "100"}, "missing_lines": [], "excluded_lines": [], "start_line": 136}, "get_security_info": {"executed_lines": [152, 153, 154, 155, 156], "summary": {"covered_lines": 5, "num_statements": 5, "percent_covered": 100.0, "percent_covered_display": "100", "missing_lines": 0, "excluded_lines": 0, "percent_statements_covered": 100.0, "percent_statements_covered_display": "100"}, "missing_lines": [], "excluded_lines": [], "start_line": 150}, "attribute_history": {"executed_lines": [168, 169, 170, 171, 173, 174, 175, 176, 177, 179, 180, 181], "summary": {"covered_lines": 12, "num_statements": 12, "percent_covered": 100.0, "percent_covered_display": "100", "missing_lines": 0, "excluded_lines": 0, "percent_statements_covered": 100.0, "percent_statements_covered_display": "100"}, "missing_lines": [], "excluded_lines": [], "start_line": 159}, "get_money_flow": {"executed_lines": [192, 193, 194, 196, 197, 198, 199, 200, 201, 203, 204, 206, 207], "summary": {"covered_lines": 13, "num_statements": 13, "percent_covered": 100.0, "percent_covered_display": "100", "missing_lines": 0, "excluded_lines": 0, "percent_statements_covered": 100.0, "percent_statements_covered_display": "100"}, "missing_lines": [], "excluded_lines": [], "start_line": 184}, "get_limit_pool": {"executed_lines": [217, 218, 219, 220, 221], "summary": {"covered_lines": 5, "num_statements": 5, "percent_covered": 100.0, "percent_covered_display": "100", "missing_lines": 0, "excluded_lines": 0, "percent_statements_covered": 100.0, "percent_statements_covered_display": "100"}, "missing_lines": [], "excluded_lines": [], "start_line": 210}, "_load_price_frame": {"executed_lines": [225, 226, 227, 228, 229, 230, 231, 233, 234], "summary": {"covered_lines": 9, "num_statements": 10, "percent_covered": 90.0, "percent_covered_display": "90", "missing_lines": 1, "excluded_lines": 0, "percent_statements_covered": 90.0, "percent_statements_covered_display": "90"}, "missing_lines": [232], "excluded_lines": [], "start_line": 224}, "_query_market_table": {"executed_lines": [238, 239, 240], "summary": {"covered_lines": 3, "num_statements": 3, "percent_covered": 100.0, "percent_covered_display": "100", "missing_lines": 0, "excluded_lines": 0, "percent_statements_covered": 100.0, "percent_statements_covered_display": "100"}, "missing_lines": [], "excluded_lines": [], "start_line": 237}, "_query_meta_table": {"executed_lines": [244, 245, 246], "summary": {"covered_lines": 3, "num_statements": 3, "percent_covered": 100.0, "percent_covered_display": "100", "missing_lines": 0, "excluded_lines": 0, "percent_statements_covered": 100.0, "percent_statements_covered_display": "100"}, "missing_lines": [], "excluded_lines": [], "start_line": 243}, "_validate_table": {"executed_lines": [250, 251], "summary": {"covered_lines": 2, "num_statements": 2, "percent_covered": 100.0, "percent_covered_display": "100", "missing_lines": 0, "excluded_lines": 0, "percent_statements_covered": 100.0, "percent_statements_covered_display": "100"}, "missing_lines": [], "excluded_lines": [], "start_line": 249}, "_validate_fq": {"executed_lines": [255, 256], "summary": {"covered_lines": 2, "num_statements": 2, "percent_covered": 100.0, "percent_covered_display": "100", "missing_lines": 0, "excluded_lines": 0, "percent_statements_covered": 100.0, "percent_statements_covered_display": "100"}, "missing_lines": [], "excluded_lines": [], "start_line": 254}, "_ensure_code_list": {"executed_lines": [260, 261, 262, 263, 264], "summary": {"covered_lines": 5, "num_statements": 5, "percent_covered": 100.0, "percent_covered_display": "100", "missing_lines": 0, "excluded_lines": 0, "percent_statements_covered": 100.0, "percent_statements_covered_display": "100"}, "missing_lines": [], "excluded_lines": [], "start_line": 259}, "_price_table": {"executed_lines": [268, 269, 270, 271, 272, 274, 275, 276], "summary": {"covered_lines": 8, "num_statements": 9, "percent_covered": 88.88888888888889, "percent_covered_display": "89", "missing_lines": 1, "excluded_lines": 0, "percent_statements_covered": 88.88888888888889, "percent_statements_covered_display": "89"}, "missing_lines": [277], "excluded_lines": [], "start_line": 267}, "_price_date_column": {"executed_lines": [281, 282, 283, 284], "summary": {"covered_lines": 4, "num_statements": 4, "percent_covered": 100.0, "percent_covered_display": "100", "missing_lines": 0, "excluded_lines": 0, "percent_statements_covered": 100.0, "percent_statements_covered_display": "100"}, "missing_lines": [], "excluded_lines": [], "start_line": 280}, "_normalize_frequency": {"executed_lines": [288], "summary": {"covered_lines": 1, "num_statements": 1, "percent_covered": 100.0, "percent_covered_display": "100", "missing_lines": 0, "excluded_lines": 0, "percent_statements_covered": 100.0, "percent_statements_covered_display": "100"}, "missing_lines": [], "excluded_lines": [], "start_line": 287}, "_filter_by_date_range": {"executed_lines": [297, 298, 300, 301, 302, 303, 304, 305, 306, 307, 308], "summary": {"covered_lines": 11, "num_statements": 11, "percent_covered": 100.0, "percent_covered_display": "100", "missing_lines": 0, "excluded_lines": 0, "percent_statements_covered": 100.0, "percent_statements_covered_display": "100"}, "missing_lines": [], "excluded_lines": [], "start_line": 291}, "_infer_date_column": {"executed_lines": [312, 313, 314, 315], "summary": {"covered_lines": 4, "num_statements": 4, "percent_covered": 100.0, "percent_covered_display": "100", "missing_lines": 0, "excluded_lines": 0, "percent_statements_covered": 100.0, "percent_statements_covered_display": "100"}, "missing_lines": [], "excluded_lines": [], "start_line": 311}, "_active_member_codes": {"executed_lines": [319, 320, 322, 323, 324, 325, 326, 327, 328, 331, 332, 333, 335], "summary": {"covered_lines": 13, "num_statements": 14, "percent_covered": 92.85714285714286, "percent_covered_display": "93", "missing_lines": 1, "excluded_lines": 0, "percent_statements_covered": 92.85714285714286, "percent_statements_covered_display": "93"}, "missing_lines": [334], "excluded_lines": [], "start_line": 318}, "_select_fields": {"executed_lines": [339, 341, 342], "summary": {"covered_lines": 3, "num_statements": 4, "percent_covered": 75.0, "percent_covered_display": "75", "missing_lines": 1, "excluded_lines": 0, "percent_statements_covered": 75.0, "percent_statements_covered_display": "75"}, "missing_lines": [340], "excluded_lines": [], "start_line": 338}, "_resolve_code_column": {"executed_lines": [346, 347, 348, 349, 350], "summary": {"covered_lines": 5, "num_statements": 5, "percent_covered": 100.0, "percent_covered_display": "100", "missing_lines": 0, "excluded_lines": 0, "percent_statements_covered": 100.0, "percent_statements_covered_display": "100"}, "missing_lines": [], "excluded_lines": [], "start_line": 345}, "": {"executed_lines": [3, 5, 6, 8, 10, 11, 12, 13, 15, 16, 17, 18, 19, 26, 68, 93, 112, 124, 136, 150, 159, 184, 210, 224, 237, 243, 249, 254, 259, 267, 280, 287, 291, 311, 318, 338, 345], "summary": {"covered_lines": 37, "num_statements": 37, "percent_covered": 100.0, "percent_covered_display": "100", "missing_lines": 0, "excluded_lines": 0, "percent_statements_covered": 100.0, "percent_statements_covered_display": "100"}, "missing_lines": [], "excluded_lines": [], "start_line": 1}}, "classes": {"": {"executed_lines": [3, 5, 6, 8, 10, 11, 12, 13, 15, 16, 17, 18, 19, 26, 36, 37, 39, 40, 41, 42, 43, 45, 46, 47, 49, 50, 51, 55, 56, 59, 60, 61, 63, 64, 65, 68, 76, 77, 78, 80, 81, 83, 84, 85, 86, 87, 88, 90, 93, 95, 96, 97, 100, 101, 102, 103, 104, 105, 107, 108, 109, 112, 114, 115, 116, 117, 118, 119, 120, 121, 124, 126, 127, 128, 129, 130, 131, 132, 133, 136, 138, 139, 140, 142, 143, 144, 145, 146, 147, 150, 152, 153, 154, 155, 156, 159, 168, 169, 170, 171, 173, 174, 175, 176, 177, 179, 180, 181, 184, 192, 193, 194, 196, 197, 198, 199, 200, 201, 203, 204, 206, 207, 210, 217, 218, 219, 220, 221, 224, 225, 226, 227, 228, 229, 230, 231, 233, 234, 237, 238, 239, 240, 243, 244, 245, 246, 249, 250, 251, 254, 255, 256, 259, 260, 261, 262, 263, 264, 267, 268, 269, 270, 271, 272, 274, 275, 276, 280, 281, 282, 283, 284, 287, 288, 291, 297, 298, 300, 301, 302, 303, 304, 305, 306, 307, 308, 311, 312, 313, 314, 315, 318, 319, 320, 322, 323, 324, 325, 326, 327, 328, 331, 332, 333, 335, 338, 339, 341, 342, 345, 346, 347, 348, 349, 350], "summary": {"covered_lines": 215, "num_statements": 220, "percent_covered": 97.72727272727273, "percent_covered_display": "98", "missing_lines": 5, "excluded_lines": 0, "percent_statements_covered": 97.72727272727273, "percent_statements_covered_display": "98"}, "missing_lines": [98, 232, 277, 334, 340], "excluded_lines": [], "start_line": 1}}}, "data/bootstrap/__init__.py": {"executed_lines": [3, 5], "summary": {"covered_lines": 2, "num_statements": 2, "percent_covered": 100.0, "percent_covered_display": "100", "missing_lines": 0, "excluded_lines": 0, "percent_statements_covered": 100.0, "percent_statements_covered_display": "100"}, "missing_lines": [], "excluded_lines": [], "functions": {"": {"executed_lines": [3, 5], "summary": {"covered_lines": 2, "num_statements": 2, "percent_covered": 100.0, "percent_covered_display": "100", "missing_lines": 0, "excluded_lines": 0, "percent_statements_covered": 100.0, "percent_statements_covered_display": "100"}, "missing_lines": [], "excluded_lines": [], "start_line": 1}}, "classes": {"": {"executed_lines": [3, 5], "summary": {"covered_lines": 2, "num_statements": 2, "percent_covered": 100.0, "percent_covered_display": "100", "missing_lines": 0, "excluded_lines": 0, "percent_statements_covered": 100.0, "percent_statements_covered_display": "100"}, "missing_lines": [], "excluded_lines": [], "start_line": 1}}}, "data/bootstrap/schema_initializer.py": {"executed_lines": [3, 5, 6, 7, 10, 13, 19, 20, 22, 23, 24, 25, 27, 29, 30, 31, 33], "summary": {"covered_lines": 17, "num_statements": 17, "percent_covered": 100.0, "percent_covered_display": "100", "missing_lines": 0, "excluded_lines": 0, "percent_statements_covered": 100.0, "percent_statements_covered_display": "100"}, "missing_lines": [], "excluded_lines": [], "functions": {"SchemaInitializer.__init__": {"executed_lines": [19, 20], "summary": {"covered_lines": 2, "num_statements": 2, "percent_covered": 100.0, "percent_covered_display": "100", "missing_lines": 0, "excluded_lines": 0, "percent_statements_covered": 100.0, "percent_statements_covered_display": "100"}, "missing_lines": [], "excluded_lines": [], "start_line": 13}, "SchemaInitializer.run": {"executed_lines": [23, 24, 25, 27, 29, 30, 31, 33], "summary": {"covered_lines": 8, "num_statements": 8, "percent_covered": 100.0, "percent_covered_display": "100", "missing_lines": 0, "excluded_lines": 0, "percent_statements_covered": 100.0, "percent_statements_covered_display": "100"}, "missing_lines": [], "excluded_lines": [], "start_line": 22}, "": {"executed_lines": [3, 5, 6, 7, 10, 13, 22], "summary": {"covered_lines": 7, "num_statements": 7, "percent_covered": 100.0, "percent_covered_display": "100", "missing_lines": 0, "excluded_lines": 0, "percent_statements_covered": 100.0, "percent_statements_covered_display": "100"}, "missing_lines": [], "excluded_lines": [], "start_line": 1}}, "classes": {"SchemaInitializer": {"executed_lines": [19, 20, 23, 24, 25, 27, 29, 30, 31, 33], "summary": {"covered_lines": 10, "num_statements": 10, "percent_covered": 100.0, "percent_covered_display": "100", "missing_lines": 0, "excluded_lines": 0, "percent_statements_covered": 100.0, "percent_statements_covered_display": "100"}, "missing_lines": [], "excluded_lines": [], "start_line": 10}, "": {"executed_lines": [3, 5, 6, 7, 10, 13, 22], "summary": {"covered_lines": 7, "num_statements": 7, "percent_covered": 100.0, "percent_covered_display": "100", "missing_lines": 0, "excluded_lines": 0, "percent_statements_covered": 100.0, "percent_statements_covered_display": "100"}, "missing_lines": [], "excluded_lines": [], "start_line": 1}}}, "data/source/__init__.py": {"executed_lines": [], "summary": {"covered_lines": 0, "num_statements": 0, "percent_covered": 100.0, "percent_covered_display": "100", "missing_lines": 0, "excluded_lines": 0, "percent_statements_covered": 100.0, "percent_statements_covered_display": "100"}, "missing_lines": [], "excluded_lines": [], "functions": {"": {"executed_lines": [], "summary": {"covered_lines": 0, "num_statements": 0, "percent_covered": 100.0, "percent_covered_display": "100", "missing_lines": 0, "excluded_lines": 0, "percent_statements_covered": 100.0, "percent_statements_covered_display": "100"}, "missing_lines": [], "excluded_lines": [], "start_line": 1}}, "classes": {"": {"executed_lines": [], "summary": {"covered_lines": 0, "num_statements": 0, "percent_covered": 100.0, "percent_covered_display": "100", "missing_lines": 0, "excluded_lines": 0, "percent_statements_covered": 100.0, "percent_statements_covered_display": "100"}, "missing_lines": [], "excluded_lines": [], "start_line": 1}}}, "data/source/akshare_source.py": {"executed_lines": [3, 5, 6, 7, 9, 11, 12, 13, 14, 15, 16, 17, 19, 49, 53, 70, 77, 90, 107, 112, 117, 128, 144, 147, 149, 150, 151, 152, 153, 154, 159, 165, 174, 181, 188, 189, 190, 191, 192, 193, 194, 195, 201, 202, 203, 204, 205, 206, 207, 208, 209, 210, 211, 213, 219, 220, 228, 235, 236, 237, 243, 249, 257, 258, 259, 260, 261, 263, 264, 266, 267, 268, 270, 273, 274, 276, 279, 280, 286, 289, 290, 296, 299, 300, 306, 309, 310, 315, 316, 318, 319, 320, 322, 323, 325, 328, 329, 331, 334, 335, 336, 338, 339, 340, 342, 343, 344, 346, 347, 351, 353, 354, 356, 357, 359, 360, 362, 363, 365, 368, 369, 371, 373, 375, 376, 377, 378, 379, 380, 381, 382, 383, 384, 386, 393, 394, 395, 403, 404, 405, 408, 411, 412, 415, 416, 417, 418, 419, 420, 423, 424, 425, 426, 427, 428, 431, 432, 433, 434, 435, 438, 439, 440, 441, 442, 445, 446, 451, 452, 457, 458, 459, 462, 463, 466, 467, 468, 470, 471, 472, 473, 474, 475, 476, 477, 478, 479, 480, 481, 482, 483, 484, 486, 489, 490, 491, 492, 493, 494, 495, 496, 497, 509, 513, 514, 515, 516, 517, 518, 519, 520, 525, 526, 527, 528, 529, 530, 531, 532, 533, 534, 535, 536, 537, 538, 539, 542, 543, 544, 545, 546, 547, 548, 549, 569, 572, 573, 574, 575, 576, 577, 578, 579, 580, 581, 582, 583, 584, 585, 586, 589, 590, 591, 592, 593, 594, 595, 596, 597, 598, 599, 602, 603, 604, 605, 606, 607, 608, 609, 610, 622, 625, 626, 627, 628, 629, 630, 631, 632, 633, 645, 648, 649, 650, 651, 652, 653, 654, 655, 656, 657, 669, 672, 673, 674, 675, 678, 679, 680, 681, 682, 683, 684, 685, 686, 687, 690, 691, 692, 693, 694, 697, 698, 699, 700, 701, 702, 703, 704, 707, 708], "summary": {"covered_lines": 321, "num_statements": 321, "percent_covered": 100.0, "percent_covered_display": "100", "missing_lines": 0, "excluded_lines": 2, "percent_statements_covered": 100.0, "percent_statements_covered_display": "100"}, "missing_lines": [], "excluded_lines": [406, 407], "functions": {"AKShareSource.__init__": {"executed_lines": [150, 151, 152, 153, 154], "summary": {"covered_lines": 5, "num_statements": 5, "percent_covered": 100.0, "percent_covered_display": "100", "missing_lines": 0, "excluded_lines": 0, "percent_statements_covered": 100.0, "percent_statements_covered_display": "100"}, "missing_lines": [], "excluded_lines": [], "start_line": 149}, "AKShareSource.fetch_daily_bar": {"executed_lines": [165], "summary": {"covered_lines": 1, "num_statements": 1, "percent_covered": 100.0, "percent_covered_display": "100", "missing_lines": 0, "excluded_lines": 0, "percent_statements_covered": 100.0, "percent_statements_covered_display": "100"}, "missing_lines": [], "excluded_lines": [], "start_line": 159}, "AKShareSource.fetch_minute_bar": {"executed_lines": [181, 188, 189, 190, 191, 192, 193, 194, 195, 201, 202, 203, 204, 205, 206, 207, 208, 209, 210, 211], "summary": {"covered_lines": 20, "num_statements": 20, "percent_covered": 100.0, "percent_covered_display": "100", "missing_lines": 0, "excluded_lines": 0, "percent_statements_covered": 100.0, "percent_statements_covered_display": "100"}, "missing_lines": [], "excluded_lines": [], "start_line": 174}, "AKShareSource.fetch_adj_factor": {"executed_lines": [219, 220], "summary": {"covered_lines": 2, "num_statements": 2, "percent_covered": 100.0, "percent_covered_display": "100", "missing_lines": 0, "excluded_lines": 0, "percent_statements_covered": 100.0, "percent_statements_covered_display": "100"}, "missing_lines": [], "excluded_lines": [], "start_line": 213}, "AKShareSource.fetch_daily_basic": {"executed_lines": [235, 236, 237], "summary": {"covered_lines": 3, "num_statements": 3, "percent_covered": 100.0, "percent_covered_display": "100", "missing_lines": 0, "excluded_lines": 0, "percent_statements_covered": 100.0, "percent_statements_covered_display": "100"}, "missing_lines": [], "excluded_lines": [], "start_line": 228}, "AKShareSource.fetch_index_daily": {"executed_lines": [249], "summary": {"covered_lines": 1, "num_statements": 1, "percent_covered": 100.0, "percent_covered_display": "100", "missing_lines": 0, "excluded_lines": 0, "percent_statements_covered": 100.0, "percent_statements_covered_display": "100"}, "missing_lines": [], "excluded_lines": [], "start_line": 243}, "AKShareSource.fetch_limit_pool": {"executed_lines": [258, 259, 260, 261], "summary": {"covered_lines": 4, "num_statements": 4, "percent_covered": 100.0, "percent_covered_display": "100", "missing_lines": 0, "excluded_lines": 0, "percent_statements_covered": 100.0, "percent_statements_covered_display": "100"}, "missing_lines": [], "excluded_lines": [], "start_line": 257}, "AKShareSource.fetch_stock_basic": {"executed_lines": [264], "summary": {"covered_lines": 1, "num_statements": 1, "percent_covered": 100.0, "percent_covered_display": "100", "missing_lines": 0, "excluded_lines": 0, "percent_statements_covered": 100.0, "percent_statements_covered_display": "100"}, "missing_lines": [], "excluded_lines": [], "start_line": 263}, "AKShareSource.fetch_trade_calendar": {"executed_lines": [267, 268], "summary": {"covered_lines": 2, "num_statements": 2, "percent_covered": 100.0, "percent_covered_display": "100", "missing_lines": 0, "excluded_lines": 0, "percent_statements_covered": 100.0, "percent_statements_covered_display": "100"}, "missing_lines": [], "excluded_lines": [], "start_line": 266}, "AKShareSource.fetch_stock_suspend": {"executed_lines": [273, 274], "summary": {"covered_lines": 2, "num_statements": 2, "percent_covered": 100.0, "percent_covered_display": "100", "missing_lines": 0, "excluded_lines": 0, "percent_statements_covered": 100.0, "percent_statements_covered_display": "100"}, "missing_lines": [], "excluded_lines": [], "start_line": 270}, "AKShareSource.fetch_income": {"executed_lines": [279, 280], "summary": {"covered_lines": 2, "num_statements": 2, "percent_covered": 100.0, "percent_covered_display": "100", "missing_lines": 0, "excluded_lines": 0, "percent_statements_covered": 100.0, "percent_statements_covered_display": "100"}, "missing_lines": [], "excluded_lines": [], "start_line": 276}, "AKShareSource.fetch_balancesheet": {"executed_lines": [289, 290], "summary": {"covered_lines": 2, "num_statements": 2, "percent_covered": 100.0, "percent_covered_display": "100", "missing_lines": 0, "excluded_lines": 0, "percent_statements_covered": 100.0, "percent_statements_covered_display": "100"}, "missing_lines": [], "excluded_lines": [], "start_line": 286}, "AKShareSource.fetch_cashflow": {"executed_lines": [299, 300], "summary": {"covered_lines": 2, "num_statements": 2, "percent_covered": 100.0, "percent_covered_display": "100", "missing_lines": 0, "excluded_lines": 0, "percent_statements_covered": 100.0, "percent_statements_covered_display": "100"}, "missing_lines": [], "excluded_lines": [], "start_line": 296}, "AKShareSource.fetch_fina_indicator": {"executed_lines": [309, 310], "summary": {"covered_lines": 2, "num_statements": 2, "percent_covered": 100.0, "percent_covered_display": "100", "missing_lines": 0, "excluded_lines": 0, "percent_statements_covered": 100.0, "percent_statements_covered_display": "100"}, "missing_lines": [], "excluded_lines": [], "start_line": 306}, "AKShareSource.fetch_dividend": {"executed_lines": [316], "summary": {"covered_lines": 1, "num_statements": 1, "percent_covered": 100.0, "percent_covered_display": "100", "missing_lines": 0, "excluded_lines": 0, "percent_statements_covered": 100.0, "percent_statements_covered_display": "100"}, "missing_lines": [], "excluded_lines": [], "start_line": 315}, "AKShareSource.fetch_top_list": {"executed_lines": [319, 320], "summary": {"covered_lines": 2, "num_statements": 2, "percent_covered": 100.0, "percent_covered_display": "100", "missing_lines": 0, "excluded_lines": 0, "percent_statements_covered": 100.0, "percent_statements_covered_display": "100"}, "missing_lines": [], "excluded_lines": [], "start_line": 318}, "AKShareSource.fetch_margin_detail": {"executed_lines": [323], "summary": {"covered_lines": 1, "num_statements": 1, "percent_covered": 100.0, "percent_covered_display": "100", "missing_lines": 0, "excluded_lines": 0, "percent_statements_covered": 100.0, "percent_statements_covered_display": "100"}, "missing_lines": [], "excluded_lines": [], "start_line": 322}, "AKShareSource.fetch_stk_holdertrade": {"executed_lines": [328, 329], "summary": {"covered_lines": 2, "num_statements": 2, "percent_covered": 100.0, "percent_covered_display": "100", "missing_lines": 0, "excluded_lines": 0, "percent_statements_covered": 100.0, "percent_statements_covered_display": "100"}, "missing_lines": [], "excluded_lines": [], "start_line": 325}, "AKShareSource.fetch_hk_hold": {"executed_lines": [334, 335, 336], "summary": {"covered_lines": 3, "num_statements": 3, "percent_covered": 100.0, "percent_covered_display": "100", "missing_lines": 0, "excluded_lines": 0, "percent_statements_covered": 100.0, "percent_statements_covered_display": "100"}, "missing_lines": [], "excluded_lines": [], "start_line": 331}, "AKShareSource.fetch_concept_money_flow": {"executed_lines": [339, 340], "summary": {"covered_lines": 2, "num_statements": 2, "percent_covered": 100.0, "percent_covered_display": "100", "missing_lines": 0, "excluded_lines": 0, "percent_statements_covered": 100.0, "percent_statements_covered_display": "100"}, "missing_lines": [], "excluded_lines": [], "start_line": 338}, "AKShareSource.fetch_industry_money_flow": {"executed_lines": [343, 344], "summary": {"covered_lines": 2, "num_statements": 2, "percent_covered": 100.0, "percent_covered_display": "100", "missing_lines": 0, "excluded_lines": 0, "percent_statements_covered": 100.0, "percent_statements_covered_display": "100"}, "missing_lines": [], "excluded_lines": [], "start_line": 342}, "AKShareSource.fetch_stock_money_flow": {"executed_lines": [347, 351], "summary": {"covered_lines": 2, "num_statements": 2, "percent_covered": 100.0, "percent_covered_display": "100", "missing_lines": 0, "excluded_lines": 0, "percent_statements_covered": 100.0, "percent_statements_covered_display": "100"}, "missing_lines": [], "excluded_lines": [], "start_line": 346}, "AKShareSource.fetch_concept_list": {"executed_lines": [354], "summary": {"covered_lines": 1, "num_statements": 1, "percent_covered": 100.0, "percent_covered_display": "100", "missing_lines": 0, "excluded_lines": 0, "percent_statements_covered": 100.0, "percent_statements_covered_display": "100"}, "missing_lines": [], "excluded_lines": [], "start_line": 353}, "AKShareSource.fetch_concept_member": {"executed_lines": [357], "summary": {"covered_lines": 1, "num_statements": 1, "percent_covered": 100.0, "percent_covered_display": "100", "missing_lines": 0, "excluded_lines": 0, "percent_statements_covered": 100.0, "percent_statements_covered_display": "100"}, "missing_lines": [], "excluded_lines": [], "start_line": 356}, "AKShareSource.fetch_industry_list": {"executed_lines": [360], "summary": {"covered_lines": 1, "num_statements": 1, "percent_covered": 100.0, "percent_covered_display": "100", "missing_lines": 0, "excluded_lines": 0, "percent_statements_covered": 100.0, "percent_statements_covered_display": "100"}, "missing_lines": [], "excluded_lines": [], "start_line": 359}, "AKShareSource.fetch_industry_member": {"executed_lines": [363], "summary": {"covered_lines": 1, "num_statements": 1, "percent_covered": 100.0, "percent_covered_display": "100", "missing_lines": 0, "excluded_lines": 0, "percent_statements_covered": 100.0, "percent_statements_covered_display": "100"}, "missing_lines": [], "excluded_lines": [], "start_line": 362}, "AKShareSource.fetch_index_weight": {"executed_lines": [368, 369], "summary": {"covered_lines": 2, "num_statements": 2, "percent_covered": 100.0, "percent_covered_display": "100", "missing_lines": 0, "excluded_lines": 0, "percent_statements_covered": 100.0, "percent_statements_covered_display": "100"}, "missing_lines": [], "excluded_lines": [], "start_line": 365}, "AKShareSource.supports": {"executed_lines": [373], "summary": {"covered_lines": 1, "num_statements": 1, "percent_covered": 100.0, "percent_covered_display": "100", "missing_lines": 0, "excluded_lines": 0, "percent_statements_covered": 100.0, "percent_statements_covered_display": "100"}, "missing_lines": [], "excluded_lines": [], "start_line": 371}, "AKShareSource._call": {"executed_lines": [377, 378, 379, 380, 381, 382, 383, 384], "summary": {"covered_lines": 8, "num_statements": 8, "percent_covered": 100.0, "percent_covered_display": "100", "missing_lines": 0, "excluded_lines": 0, "percent_statements_covered": 100.0, "percent_statements_covered_display": "100"}, "missing_lines": [], "excluded_lines": [], "start_line": 376}, "AKShareSource._fetch_minute_bar_from_tushare": {"executed_lines": [393, 394, 395], "summary": {"covered_lines": 3, "num_statements": 3, "percent_covered": 100.0, "percent_covered_display": "100", "missing_lines": 0, "excluded_lines": 0, "percent_statements_covered": 100.0, "percent_statements_covered_display": "100"}, "missing_lines": [], "excluded_lines": [], "start_line": 386}, "_create_default_client": {"executed_lines": [404, 405, 408], "summary": {"covered_lines": 3, "num_statements": 3, "percent_covered": 100.0, "percent_covered_display": "100", "missing_lines": 0, "excluded_lines": 2, "percent_statements_covered": 100.0, "percent_statements_covered_display": "100"}, "missing_lines": [], "excluded_lines": [406, 407], "start_line": 403}, "_normalize_symbol": {"executed_lines": [412], "summary": {"covered_lines": 1, "num_statements": 1, "percent_covered": 100.0, "percent_covered_display": "100", "missing_lines": 0, "excluded_lines": 0, "percent_statements_covered": 100.0, "percent_statements_covered_display": "100"}, "missing_lines": [], "excluded_lines": [], "start_line": 411}, "_join_symbols": {"executed_lines": [416, 417, 418, 419, 420], "summary": {"covered_lines": 5, "num_statements": 5, "percent_covered": 100.0, "percent_covered_display": "100", "missing_lines": 0, "excluded_lines": 0, "percent_statements_covered": 100.0, "percent_statements_covered_display": "100"}, "missing_lines": [], "excluded_lines": [], "start_line": 415}, "_first_symbol": {"executed_lines": [424, 425, 426, 427, 428], "summary": {"covered_lines": 5, "num_statements": 5, "percent_covered": 100.0, "percent_covered_display": "100", "missing_lines": 0, "excluded_lines": 0, "percent_statements_covered": 100.0, "percent_statements_covered_display": "100"}, "missing_lines": [], "excluded_lines": [], "start_line": 423}, "_normalize_minute_period": {"executed_lines": [432, 433, 434, 435], "summary": {"covered_lines": 4, "num_statements": 4, "percent_covered": 100.0, "percent_covered_display": "100", "missing_lines": 0, "excluded_lines": 0, "percent_statements_covered": 100.0, "percent_statements_covered_display": "100"}, "missing_lines": [], "excluded_lines": [], "start_line": 431}, "_format_ymd": {"executed_lines": [439, 440, 441, 442], "summary": {"covered_lines": 4, "num_statements": 4, "percent_covered": 100.0, "percent_covered_display": "100", "missing_lines": 0, "excluded_lines": 0, "percent_statements_covered": 100.0, "percent_statements_covered_display": "100"}, "missing_lines": [], "excluded_lines": [], "start_line": 438}, "_format_minute_start": {"executed_lines": [446], "summary": {"covered_lines": 1, "num_statements": 1, "percent_covered": 100.0, "percent_covered_display": "100", "missing_lines": 0, "excluded_lines": 0, "percent_statements_covered": 100.0, "percent_statements_covered_display": "100"}, "missing_lines": [], "excluded_lines": [], "start_line": 445}, "_format_minute_end": {"executed_lines": [452], "summary": {"covered_lines": 1, "num_statements": 1, "percent_covered": 100.0, "percent_covered_display": "100", "missing_lines": 0, "excluded_lines": 0, "percent_statements_covered": 100.0, "percent_statements_covered_display": "100"}, "missing_lines": [], "excluded_lines": [], "start_line": 451}, "_fallback_stock_for_money_flow": {"executed_lines": [458, 459], "summary": {"covered_lines": 2, "num_statements": 2, "percent_covered": 100.0, "percent_covered_display": "100", "missing_lines": 0, "excluded_lines": 0, "percent_statements_covered": 100.0, "percent_statements_covered_display": "100"}, "missing_lines": [], "excluded_lines": [], "start_line": 457}, "_drop_none": {"executed_lines": [463], "summary": {"covered_lines": 1, "num_statements": 1, "percent_covered": 100.0, "percent_covered_display": "100", "missing_lines": 0, "excluded_lines": 0, "percent_statements_covered": 100.0, "percent_statements_covered_display": "100"}, "missing_lines": [], "excluded_lines": [], "start_line": 462}, "_normalize_frame": {"executed_lines": [467, 468, 470, 471, 472, 473, 474, 475, 476, 477, 478, 479, 480, 481, 482, 483, 484, 486], "summary": {"covered_lines": 18, "num_statements": 18, "percent_covered": 100.0, "percent_covered_display": "100", "missing_lines": 0, "excluded_lines": 0, "percent_statements_covered": 100.0, "percent_statements_covered_display": "100"}, "missing_lines": [], "excluded_lines": [], "start_line": 466}, "_normalize_daily_bar_frame": {"executed_lines": [490, 491, 492, 493, 494, 495, 496, 497, 509], "summary": {"covered_lines": 9, "num_statements": 9, "percent_covered": 100.0, "percent_covered_display": "100", "missing_lines": 0, "excluded_lines": 0, "percent_statements_covered": 100.0, "percent_statements_covered_display": "100"}, "missing_lines": [], "excluded_lines": [], "start_line": 489}, "_normalize_minute_bar_frame": {"executed_lines": [514, 515, 516, 517, 518, 519, 520, 525, 526, 527, 528, 529, 530, 531, 532, 533, 534, 535, 536, 537, 538, 539], "summary": {"covered_lines": 22, "num_statements": 22, "percent_covered": 100.0, "percent_covered_display": "100", "missing_lines": 0, "excluded_lines": 0, "percent_statements_covered": 100.0, "percent_statements_covered_display": "100"}, "missing_lines": [], "excluded_lines": [], "start_line": 513}, "_normalize_limit_pool_frame": {"executed_lines": [543, 544, 545, 546, 547, 548, 549, 569], "summary": {"covered_lines": 8, "num_statements": 8, "percent_covered": 100.0, "percent_covered_display": "100", "missing_lines": 0, "excluded_lines": 0, "percent_statements_covered": 100.0, "percent_statements_covered_display": "100"}, "missing_lines": [], "excluded_lines": [], "start_line": 542}, "_normalize_hk_hold_frame": {"executed_lines": [573, 574, 575, 576, 577, 578, 579, 580, 581, 582, 583, 584, 585, 586], "summary": {"covered_lines": 14, "num_statements": 14, "percent_covered": 100.0, "percent_covered_display": "100", "missing_lines": 0, "excluded_lines": 0, "percent_statements_covered": 100.0, "percent_statements_covered_display": "100"}, "missing_lines": [], "excluded_lines": [], "start_line": 572}, "_exchange_from_ts_code": {"executed_lines": [590, 591, 592, 593, 594, 595, 596, 597, 598, 599], "summary": {"covered_lines": 10, "num_statements": 10, "percent_covered": 100.0, "percent_covered_display": "100", "missing_lines": 0, "excluded_lines": 0, "percent_statements_covered": 100.0, "percent_statements_covered_display": "100"}, "missing_lines": [], "excluded_lines": [], "start_line": 589}, "_normalize_concept_money_flow_frame": {"executed_lines": [603, 604, 605, 606, 607, 608, 609, 610, 622], "summary": {"covered_lines": 9, "num_statements": 9, "percent_covered": 100.0, "percent_covered_display": "100", "missing_lines": 0, "excluded_lines": 0, "percent_statements_covered": 100.0, "percent_statements_covered_display": "100"}, "missing_lines": [], "excluded_lines": [], "start_line": 602}, "_normalize_industry_money_flow_frame": {"executed_lines": [626, 627, 628, 629, 630, 631, 632, 633, 645], "summary": {"covered_lines": 9, "num_statements": 9, "percent_covered": 100.0, "percent_covered_display": "100", "missing_lines": 0, "excluded_lines": 0, "percent_statements_covered": 100.0, "percent_statements_covered_display": "100"}, "missing_lines": [], "excluded_lines": [], "start_line": 625}, "_normalize_stock_money_flow_frame": {"executed_lines": [649, 650, 651, 652, 653, 654, 655, 656, 657, 669], "summary": {"covered_lines": 10, "num_statements": 10, "percent_covered": 100.0, "percent_covered_display": "100", "missing_lines": 0, "excluded_lines": 0, "percent_statements_covered": 100.0, "percent_statements_covered_display": "100"}, "missing_lines": [], "excluded_lines": [], "start_line": 648}, "_normalize_ts_code": {"executed_lines": [673, 674, 675], "summary": {"covered_lines": 3, "num_statements": 3, "percent_covered": 100.0, "percent_covered_display": "100", "missing_lines": 0, "excluded_lines": 0, "percent_statements_covered": 100.0, "percent_statements_covered_display": "100"}, "missing_lines": [], "excluded_lines": [], "start_line": 672}, "_normalize_sina_symbol": {"executed_lines": [679, 680, 681, 682, 683, 684, 685, 686, 687], "summary": {"covered_lines": 9, "num_statements": 9, "percent_covered": 100.0, "percent_covered_display": "100", "missing_lines": 0, "excluded_lines": 0, "percent_statements_covered": 100.0, "percent_statements_covered_display": "100"}, "missing_lines": [], "excluded_lines": [], "start_line": 678}, "_minute_freq_from_period": {"executed_lines": [691, 692, 693, 694], "summary": {"covered_lines": 4, "num_statements": 4, "percent_covered": 100.0, "percent_covered_display": "100", "missing_lines": 0, "excluded_lines": 0, "percent_statements_covered": 100.0, "percent_statements_covered_display": "100"}, "missing_lines": [], "excluded_lines": [], "start_line": 690}, "_with_exchange_suffix": {"executed_lines": [698, 699, 700, 701, 702, 703, 704], "summary": {"covered_lines": 7, "num_statements": 7, "percent_covered": 100.0, "percent_covered_display": "100", "missing_lines": 0, "excluded_lines": 0, "percent_statements_covered": 100.0, "percent_statements_covered_display": "100"}, "missing_lines": [], "excluded_lines": [], "start_line": 697}, "_select_present_columns": {"executed_lines": [708], "summary": {"covered_lines": 1, "num_statements": 1, "percent_covered": 100.0, "percent_covered_display": "100", "missing_lines": 0, "excluded_lines": 0, "percent_statements_covered": 100.0, "percent_statements_covered_display": "100"}, "missing_lines": [], "excluded_lines": [], "start_line": 707}, "": {"executed_lines": [3, 5, 6, 7, 9, 11, 12, 13, 14, 15, 16, 17, 19, 49, 53, 70, 77, 90, 107, 112, 117, 128, 144, 147, 149, 159, 174, 213, 228, 243, 257, 263, 266, 270, 276, 286, 296, 306, 315, 318, 322, 325, 331, 338, 342, 346, 353, 356, 359, 362, 365, 371, 375, 376, 386, 403, 411, 415, 423, 431, 438, 445, 451, 457, 462, 466, 489, 513, 542, 572, 589, 602, 625, 648, 672, 678, 690, 697, 707], "summary": {"covered_lines": 79, "num_statements": 79, "percent_covered": 100.0, "percent_covered_display": "100", "missing_lines": 0, "excluded_lines": 0, "percent_statements_covered": 100.0, "percent_statements_covered_display": "100"}, "missing_lines": [], "excluded_lines": [], "start_line": 1}}, "classes": {"AKShareSource": {"executed_lines": [150, 151, 152, 153, 154, 165, 181, 188, 189, 190, 191, 192, 193, 194, 195, 201, 202, 203, 204, 205, 206, 207, 208, 209, 210, 211, 219, 220, 235, 236, 237, 249, 258, 259, 260, 261, 264, 267, 268, 273, 274, 279, 280, 289, 290, 299, 300, 309, 310, 316, 319, 320, 323, 328, 329, 334, 335, 336, 339, 340, 343, 344, 347, 351, 354, 357, 360, 363, 368, 369, 373, 377, 378, 379, 380, 381, 382, 383, 384, 393, 394, 395], "summary": {"covered_lines": 82, "num_statements": 82, "percent_covered": 100.0, "percent_covered_display": "100", "missing_lines": 0, "excluded_lines": 0, "percent_statements_covered": 100.0, "percent_statements_covered_display": "100"}, "missing_lines": [], "excluded_lines": [], "start_line": 144}, "": {"executed_lines": [3, 5, 6, 7, 9, 11, 12, 13, 14, 15, 16, 17, 19, 49, 53, 70, 77, 90, 107, 112, 117, 128, 144, 147, 149, 159, 174, 213, 228, 243, 257, 263, 266, 270, 276, 286, 296, 306, 315, 318, 322, 325, 331, 338, 342, 346, 353, 356, 359, 362, 365, 371, 375, 376, 386, 403, 404, 405, 408, 411, 412, 415, 416, 417, 418, 419, 420, 423, 424, 425, 426, 427, 428, 431, 432, 433, 434, 435, 438, 439, 440, 441, 442, 445, 446, 451, 452, 457, 458, 459, 462, 463, 466, 467, 468, 470, 471, 472, 473, 474, 475, 476, 477, 478, 479, 480, 481, 482, 483, 484, 486, 489, 490, 491, 492, 493, 494, 495, 496, 497, 509, 513, 514, 515, 516, 517, 518, 519, 520, 525, 526, 527, 528, 529, 530, 531, 532, 533, 534, 535, 536, 537, 538, 539, 542, 543, 544, 545, 546, 547, 548, 549, 569, 572, 573, 574, 575, 576, 577, 578, 579, 580, 581, 582, 583, 584, 585, 586, 589, 590, 591, 592, 593, 594, 595, 596, 597, 598, 599, 602, 603, 604, 605, 606, 607, 608, 609, 610, 622, 625, 626, 627, 628, 629, 630, 631, 632, 633, 645, 648, 649, 650, 651, 652, 653, 654, 655, 656, 657, 669, 672, 673, 674, 675, 678, 679, 680, 681, 682, 683, 684, 685, 686, 687, 690, 691, 692, 693, 694, 697, 698, 699, 700, 701, 702, 703, 704, 707, 708], "summary": {"covered_lines": 239, "num_statements": 239, "percent_covered": 100.0, "percent_covered_display": "100", "missing_lines": 0, "excluded_lines": 2, "percent_statements_covered": 100.0, "percent_statements_covered_display": "100"}, "missing_lines": [], "excluded_lines": [406, 407], "start_line": 1}}}, "data/source/factory.py": {"executed_lines": [3, 5, 6, 7, 8, 10, 16, 18, 19, 20, 21], "summary": {"covered_lines": 11, "num_statements": 11, "percent_covered": 100.0, "percent_covered_display": "100", "missing_lines": 0, "excluded_lines": 0, "percent_statements_covered": 100.0, "percent_statements_covered_display": "100"}, "missing_lines": [], "excluded_lines": [], "functions": {"get_data_source": {"executed_lines": [18, 19, 20, 21], "summary": {"covered_lines": 4, "num_statements": 4, "percent_covered": 100.0, "percent_covered_display": "100", "missing_lines": 0, "excluded_lines": 0, "percent_statements_covered": 100.0, "percent_statements_covered_display": "100"}, "missing_lines": [], "excluded_lines": [], "start_line": 16}, "": {"executed_lines": [3, 5, 6, 7, 8, 10, 16], "summary": {"covered_lines": 7, "num_statements": 7, "percent_covered": 100.0, "percent_covered_display": "100", "missing_lines": 0, "excluded_lines": 0, "percent_statements_covered": 100.0, "percent_statements_covered_display": "100"}, "missing_lines": [], "excluded_lines": [], "start_line": 1}}, "classes": {"": {"executed_lines": [3, 5, 6, 7, 8, 10, 16, 18, 19, 20, 21], "summary": {"covered_lines": 11, "num_statements": 11, "percent_covered": 100.0, "percent_covered_display": "100", "missing_lines": 0, "excluded_lines": 0, "percent_statements_covered": 100.0, "percent_statements_covered_display": "100"}, "missing_lines": [], "excluded_lines": [], "start_line": 1}}}, "data/source/strategy.py": {"executed_lines": [3, 5, 6, 8, 9, 10, 12, 28, 31, 39, 40, 43, 44, 46, 47, 48, 49, 51, 52, 53, 54, 57, 58, 59, 60, 61, 62, 63], "summary": {"covered_lines": 28, "num_statements": 29, "percent_covered": 96.55172413793103, "percent_covered_display": "97", "missing_lines": 1, "excluded_lines": 0, "percent_statements_covered": 96.55172413793103, "percent_statements_covered_display": "97"}, "missing_lines": [55], "excluded_lines": [], "functions": {"SourceSelectionPolicy.__init__": {"executed_lines": [39, 40, 43, 44], "summary": {"covered_lines": 4, "num_statements": 4, "percent_covered": 100.0, "percent_covered_display": "100", "missing_lines": 0, "excluded_lines": 0, "percent_statements_covered": 100.0, "percent_statements_covered_display": "100"}, "missing_lines": [], "excluded_lines": [], "start_line": 31}, "SourceSelectionPolicy.resolve": {"executed_lines": [47, 48, 49, 51, 52, 53, 54], "summary": {"covered_lines": 7, "num_statements": 8, "percent_covered": 87.5, "percent_covered_display": "88", "missing_lines": 1, "excluded_lines": 0, "percent_statements_covered": 87.5, "percent_statements_covered_display": "88"}, "missing_lines": [55], "excluded_lines": [], "start_line": 46}, "SourceSelectionPolicy.candidate_names": {"executed_lines": [58, 59, 60, 61, 62, 63], "summary": {"covered_lines": 6, "num_statements": 6, "percent_covered": 100.0, "percent_covered_display": "100", "missing_lines": 0, "excluded_lines": 0, "percent_statements_covered": 100.0, "percent_statements_covered_display": "100"}, "missing_lines": [], "excluded_lines": [], "start_line": 57}, "": {"executed_lines": [3, 5, 6, 8, 9, 10, 12, 28, 31, 46, 57], "summary": {"covered_lines": 11, "num_statements": 11, "percent_covered": 100.0, "percent_covered_display": "100", "missing_lines": 0, "excluded_lines": 0, "percent_statements_covered": 100.0, "percent_statements_covered_display": "100"}, "missing_lines": [], "excluded_lines": [], "start_line": 1}}, "classes": {"SourceSelectionPolicy": {"executed_lines": [39, 40, 43, 44, 47, 48, 49, 51, 52, 53, 54, 58, 59, 60, 61, 62, 63], "summary": {"covered_lines": 17, "num_statements": 18, "percent_covered": 94.44444444444444, "percent_covered_display": "94", "missing_lines": 1, "excluded_lines": 0, "percent_statements_covered": 94.44444444444444, "percent_statements_covered_display": "94"}, "missing_lines": [55], "excluded_lines": [], "start_line": 28}, "": {"executed_lines": [3, 5, 6, 8, 9, 10, 12, 28, 31, 46, 57], "summary": {"covered_lines": 11, "num_statements": 11, "percent_covered": 100.0, "percent_covered_display": "100", "missing_lines": 0, "excluded_lines": 0, "percent_statements_covered": 100.0, "percent_statements_covered_display": "100"}, "missing_lines": [], "excluded_lines": [], "start_line": 1}}}, "data/source/tushare_source.py": {"executed_lines": [3, 5, 6, 7, 8, 9, 11, 12, 14, 15, 16, 17, 18, 19, 21, 51, 53, 74, 77, 80, 83, 85, 86, 87, 88, 89, 93, 94, 98, 103, 109, 116, 123, 124, 125, 133, 134, 135, 137, 138, 139, 141, 147, 154, 161, 169, 175, 182, 183, 186, 187, 188, 193, 194, 195, 197, 198, 200, 201, 202, 206, 210, 214, 217, 222, 225, 228, 230, 231, 236, 237, 238, 239, 242, 243, 246, 247, 248, 249, 250, 251, 252, 253, 254, 255, 256, 258, 259, 261, 262, 269, 272, 278, 281, 288, 291, 298, 301, 308, 311, 318, 319, 321, 322, 324, 325, 327, 330, 336, 339, 344, 347, 349, 350, 351, 352, 353, 354, 356, 357, 359, 360, 361, 362, 363, 364, 366, 367, 369, 370, 371, 376, 378, 379, 381, 382, 384, 385, 387, 388, 390, 393, 399, 401, 403, 404, 405, 406, 407, 408, 409, 410, 411, 412, 413, 415, 422, 423, 424, 425, 426, 427, 428, 429, 430, 431, 437, 440, 441, 442, 443, 444, 447, 448, 449, 456, 457, 458, 460, 461, 462, 464, 465, 466, 467, 470, 471, 472, 473, 474, 475, 478, 479, 480, 481, 482, 485, 486, 489, 490, 491, 492, 495, 496, 497, 498, 499, 500, 501, 504, 510, 511, 513, 514, 515, 517, 518, 519, 520, 521, 522, 523, 525, 526, 527, 530, 531, 532, 533, 534, 535, 537, 538, 539, 542, 543, 544, 545, 547, 548, 549, 552, 553, 569, 570, 572, 588, 589, 605, 606, 608, 624, 625, 641, 642, 645, 646, 647, 648, 649, 650, 651, 657, 659], "summary": {"covered_lines": 264, "num_statements": 283, "percent_covered": 93.28621908127208, "percent_covered_display": "93", "missing_lines": 19, "excluded_lines": 0, "percent_statements_covered": 93.28621908127208, "percent_statements_covered_display": "93"}, "missing_lines": [136, 184, 196, 215, 223, 229, 241, 244, 345, 346, 355, 365, 493, 554, 571, 590, 607, 626, 643], "excluded_lines": [], "functions": {"TushareSource.__init__": {"executed_lines": [86, 87, 88, 89, 93, 94, 98], "summary": {"covered_lines": 7, "num_statements": 7, "percent_covered": 100.0, "percent_covered_display": "100", "missing_lines": 0, "excluded_lines": 0, "percent_statements_covered": 100.0, "percent_statements_covered_display": "100"}, "missing_lines": [], "excluded_lines": [], "start_line": 85}, "TushareSource.fetch_daily_bar": {"executed_lines": [109], "summary": {"covered_lines": 1, "num_statements": 1, "percent_covered": 100.0, "percent_covered_display": "100", "missing_lines": 0, "excluded_lines": 0, "percent_statements_covered": 100.0, "percent_statements_covered_display": "100"}, "missing_lines": [], "excluded_lines": [], "start_line": 103}, "TushareSource.fetch_minute_bar": {"executed_lines": [123, 124, 125, 133, 134, 135, 137, 138, 139], "summary": {"covered_lines": 9, "num_statements": 10, "percent_covered": 90.0, "percent_covered_display": "90", "missing_lines": 1, "excluded_lines": 0, "percent_statements_covered": 90.0, "percent_statements_covered_display": "90"}, "missing_lines": [136], "excluded_lines": [], "start_line": 116}, "TushareSource.fetch_adj_factor": {"executed_lines": [147], "summary": {"covered_lines": 1, "num_statements": 1, "percent_covered": 100.0, "percent_covered_display": "100", "missing_lines": 0, "excluded_lines": 0, "percent_statements_covered": 100.0, "percent_statements_covered_display": "100"}, "missing_lines": [], "excluded_lines": [], "start_line": 141}, "TushareSource.fetch_daily_basic": {"executed_lines": [161], "summary": {"covered_lines": 1, "num_statements": 1, "percent_covered": 100.0, "percent_covered_display": "100", "missing_lines": 0, "excluded_lines": 0, "percent_statements_covered": 100.0, "percent_statements_covered_display": "100"}, "missing_lines": [], "excluded_lines": [], "start_line": 154}, "TushareSource.fetch_index_daily": {"executed_lines": [175], "summary": {"covered_lines": 1, "num_statements": 1, "percent_covered": 100.0, "percent_covered_display": "100", "missing_lines": 0, "excluded_lines": 0, "percent_statements_covered": 100.0, "percent_statements_covered_display": "100"}, "missing_lines": [], "excluded_lines": [], "start_line": 169}, "TushareSource.fetch_limit_pool": {"executed_lines": [183, 186, 187, 188, 193, 194, 195, 197, 198], "summary": {"covered_lines": 9, "num_statements": 11, "percent_covered": 81.81818181818181, "percent_covered_display": "82", "missing_lines": 2, "excluded_lines": 0, "percent_statements_covered": 81.81818181818181, "percent_statements_covered_display": "82"}, "missing_lines": [184, 196], "excluded_lines": [], "start_line": 182}, "TushareSource._fetch_limit_pool_from_stk_limit": {"executed_lines": [201, 202, 206, 210, 214, 217, 222, 225, 228, 230, 231, 236, 237, 238, 239, 242, 243, 246, 247, 248, 249, 250, 251, 252, 253, 254, 255, 256], "summary": {"covered_lines": 28, "num_statements": 33, "percent_covered": 84.84848484848484, "percent_covered_display": "85", "missing_lines": 5, "excluded_lines": 0, "percent_statements_covered": 84.84848484848484, "percent_statements_covered_display": "85"}, "missing_lines": [215, 223, 229, 241, 244], "excluded_lines": [], "start_line": 200}, "TushareSource.fetch_stock_basic": {"executed_lines": [259], "summary": {"covered_lines": 1, "num_statements": 1, "percent_covered": 100.0, "percent_covered_display": "100", "missing_lines": 0, "excluded_lines": 0, "percent_statements_covered": 100.0, "percent_statements_covered_display": "100"}, "missing_lines": [], "excluded_lines": [], "start_line": 258}, "TushareSource.fetch_trade_calendar": {"executed_lines": [262], "summary": {"covered_lines": 1, "num_statements": 1, "percent_covered": 100.0, "percent_covered_display": "100", "missing_lines": 0, "excluded_lines": 0, "percent_statements_covered": 100.0, "percent_statements_covered_display": "100"}, "missing_lines": [], "excluded_lines": [], "start_line": 261}, "TushareSource.fetch_stock_suspend": {"executed_lines": [272], "summary": {"covered_lines": 1, "num_statements": 1, "percent_covered": 100.0, "percent_covered_display": "100", "missing_lines": 0, "excluded_lines": 0, "percent_statements_covered": 100.0, "percent_statements_covered_display": "100"}, "missing_lines": [], "excluded_lines": [], "start_line": 269}, "TushareSource.fetch_income": {"executed_lines": [281], "summary": {"covered_lines": 1, "num_statements": 1, "percent_covered": 100.0, "percent_covered_display": "100", "missing_lines": 0, "excluded_lines": 0, "percent_statements_covered": 100.0, "percent_statements_covered_display": "100"}, "missing_lines": [], "excluded_lines": [], "start_line": 278}, "TushareSource.fetch_balancesheet": {"executed_lines": [291], "summary": {"covered_lines": 1, "num_statements": 1, "percent_covered": 100.0, "percent_covered_display": "100", "missing_lines": 0, "excluded_lines": 0, "percent_statements_covered": 100.0, "percent_statements_covered_display": "100"}, "missing_lines": [], "excluded_lines": [], "start_line": 288}, "TushareSource.fetch_cashflow": {"executed_lines": [301], "summary": {"covered_lines": 1, "num_statements": 1, "percent_covered": 100.0, "percent_covered_display": "100", "missing_lines": 0, "excluded_lines": 0, "percent_statements_covered": 100.0, "percent_statements_covered_display": "100"}, "missing_lines": [], "excluded_lines": [], "start_line": 298}, "TushareSource.fetch_fina_indicator": {"executed_lines": [311], "summary": {"covered_lines": 1, "num_statements": 1, "percent_covered": 100.0, "percent_covered_display": "100", "missing_lines": 0, "excluded_lines": 0, "percent_statements_covered": 100.0, "percent_statements_covered_display": "100"}, "missing_lines": [], "excluded_lines": [], "start_line": 308}, "TushareSource.fetch_dividend": {"executed_lines": [319], "summary": {"covered_lines": 1, "num_statements": 1, "percent_covered": 100.0, "percent_covered_display": "100", "missing_lines": 0, "excluded_lines": 0, "percent_statements_covered": 100.0, "percent_statements_covered_display": "100"}, "missing_lines": [], "excluded_lines": [], "start_line": 318}, "TushareSource.fetch_top_list": {"executed_lines": [322], "summary": {"covered_lines": 1, "num_statements": 1, "percent_covered": 100.0, "percent_covered_display": "100", "missing_lines": 0, "excluded_lines": 0, "percent_statements_covered": 100.0, "percent_statements_covered_display": "100"}, "missing_lines": [], "excluded_lines": [], "start_line": 321}, "TushareSource.fetch_margin_detail": {"executed_lines": [325], "summary": {"covered_lines": 1, "num_statements": 1, "percent_covered": 100.0, "percent_covered_display": "100", "missing_lines": 0, "excluded_lines": 0, "percent_statements_covered": 100.0, "percent_statements_covered_display": "100"}, "missing_lines": [], "excluded_lines": [], "start_line": 324}, "TushareSource.fetch_stk_holdertrade": {"executed_lines": [330], "summary": {"covered_lines": 1, "num_statements": 1, "percent_covered": 100.0, "percent_covered_display": "100", "missing_lines": 0, "excluded_lines": 0, "percent_statements_covered": 100.0, "percent_statements_covered_display": "100"}, "missing_lines": [], "excluded_lines": [], "start_line": 327}, "TushareSource.fetch_hk_hold": {"executed_lines": [339, 344, 347], "summary": {"covered_lines": 3, "num_statements": 5, "percent_covered": 60.0, "percent_covered_display": "60", "missing_lines": 2, "excluded_lines": 0, "percent_statements_covered": 60.0, "percent_statements_covered_display": "60"}, "missing_lines": [345, 346], "excluded_lines": [], "start_line": 336}, "TushareSource.fetch_concept_money_flow": {"executed_lines": [350, 351, 352, 353, 354, 356, 357], "summary": {"covered_lines": 7, "num_statements": 8, "percent_covered": 87.5, "percent_covered_display": "88", "missing_lines": 1, "excluded_lines": 0, "percent_statements_covered": 87.5, "percent_statements_covered_display": "88"}, "missing_lines": [355], "excluded_lines": [], "start_line": 349}, "TushareSource.fetch_industry_money_flow": {"executed_lines": [360, 361, 362, 363, 364, 366, 367], "summary": {"covered_lines": 7, "num_statements": 8, "percent_covered": 87.5, "percent_covered_display": "88", "missing_lines": 1, "excluded_lines": 0, "percent_statements_covered": 87.5, "percent_statements_covered_display": "88"}, "missing_lines": [365], "excluded_lines": [], "start_line": 359}, "TushareSource.fetch_stock_money_flow": {"executed_lines": [370, 371, 376], "summary": {"covered_lines": 3, "num_statements": 3, "percent_covered": 100.0, "percent_covered_display": "100", "missing_lines": 0, "excluded_lines": 0, "percent_statements_covered": 100.0, "percent_statements_covered_display": "100"}, "missing_lines": [], "excluded_lines": [], "start_line": 369}, "TushareSource.fetch_concept_list": {"executed_lines": [379], "summary": {"covered_lines": 1, "num_statements": 1, "percent_covered": 100.0, "percent_covered_display": "100", "missing_lines": 0, "excluded_lines": 0, "percent_statements_covered": 100.0, "percent_statements_covered_display": "100"}, "missing_lines": [], "excluded_lines": [], "start_line": 378}, "TushareSource.fetch_concept_member": {"executed_lines": [382], "summary": {"covered_lines": 1, "num_statements": 1, "percent_covered": 100.0, "percent_covered_display": "100", "missing_lines": 0, "excluded_lines": 0, "percent_statements_covered": 100.0, "percent_statements_covered_display": "100"}, "missing_lines": [], "excluded_lines": [], "start_line": 381}, "TushareSource.fetch_industry_list": {"executed_lines": [385], "summary": {"covered_lines": 1, "num_statements": 1, "percent_covered": 100.0, "percent_covered_display": "100", "missing_lines": 0, "excluded_lines": 0, "percent_statements_covered": 100.0, "percent_statements_covered_display": "100"}, "missing_lines": [], "excluded_lines": [], "start_line": 384}, "TushareSource.fetch_industry_member": {"executed_lines": [388], "summary": {"covered_lines": 1, "num_statements": 1, "percent_covered": 100.0, "percent_covered_display": "100", "missing_lines": 0, "excluded_lines": 0, "percent_statements_covered": 100.0, "percent_statements_covered_display": "100"}, "missing_lines": [], "excluded_lines": [], "start_line": 387}, "TushareSource.fetch_index_weight": {"executed_lines": [393], "summary": {"covered_lines": 1, "num_statements": 1, "percent_covered": 100.0, "percent_covered_display": "100", "missing_lines": 0, "excluded_lines": 0, "percent_statements_covered": 100.0, "percent_statements_covered_display": "100"}, "missing_lines": [], "excluded_lines": [], "start_line": 390}, "TushareSource.supports": {"executed_lines": [401], "summary": {"covered_lines": 1, "num_statements": 1, "percent_covered": 100.0, "percent_covered_display": "100", "missing_lines": 0, "excluded_lines": 0, "percent_statements_covered": 100.0, "percent_statements_covered_display": "100"}, "missing_lines": [], "excluded_lines": [], "start_line": 399}, "TushareSource._call": {"executed_lines": [405, 406, 407, 408, 409, 410, 411, 412, 413], "summary": {"covered_lines": 9, "num_statements": 9, "percent_covered": 100.0, "percent_covered_display": "100", "missing_lines": 0, "excluded_lines": 0, "percent_statements_covered": 100.0, "percent_statements_covered_display": "100"}, "missing_lines": [], "excluded_lines": [], "start_line": 404}, "TushareSource._call_with_remote_rate_limit_retry": {"executed_lines": [422, 423, 424, 425, 426, 427, 428, 429, 430, 431, 437], "summary": {"covered_lines": 11, "num_statements": 11, "percent_covered": 100.0, "percent_covered_display": "100", "missing_lines": 0, "excluded_lines": 0, "percent_statements_covered": 100.0, "percent_statements_covered_display": "100"}, "missing_lines": [], "excluded_lines": [], "start_line": 415}, "_create_default_client": {"executed_lines": [441, 442, 443, 444], "summary": {"covered_lines": 4, "num_statements": 4, "percent_covered": 100.0, "percent_covered_display": "100", "missing_lines": 0, "excluded_lines": 0, "percent_statements_covered": 100.0, "percent_statements_covered_display": "100"}, "missing_lines": [], "excluded_lines": [], "start_line": 440}, "_should_fallback_to_supported_moneyflow_endpoint": {"executed_lines": [448, 449], "summary": {"covered_lines": 2, "num_statements": 2, "percent_covered": 100.0, "percent_covered_display": "100", "missing_lines": 0, "excluded_lines": 0, "percent_statements_covered": 100.0, "percent_statements_covered_display": "100"}, "missing_lines": [], "excluded_lines": [], "start_line": 447}, "_parse_remote_rate_limit_wait_seconds": {"executed_lines": [457, 458, 460, 461, 462, 464, 465, 466, 467], "summary": {"covered_lines": 9, "num_statements": 9, "percent_covered": 100.0, "percent_covered_display": "100", "missing_lines": 0, "excluded_lines": 0, "percent_statements_covered": 100.0, "percent_statements_covered_display": "100"}, "missing_lines": [], "excluded_lines": [], "start_line": 456}, "_join_codes": {"executed_lines": [471, 472, 473, 474, 475], "summary": {"covered_lines": 5, "num_statements": 5, "percent_covered": 100.0, "percent_covered_display": "100", "missing_lines": 0, "excluded_lines": 0, "percent_statements_covered": 100.0, "percent_statements_covered_display": "100"}, "missing_lines": [], "excluded_lines": [], "start_line": 470}, "_format_ymd": {"executed_lines": [479, 480, 481, 482], "summary": {"covered_lines": 4, "num_statements": 4, "percent_covered": 100.0, "percent_covered_display": "100", "missing_lines": 0, "excluded_lines": 0, "percent_statements_covered": 100.0, "percent_statements_covered_display": "100"}, "missing_lines": [], "excluded_lines": [], "start_line": 478}, "_drop_none": {"executed_lines": [486], "summary": {"covered_lines": 1, "num_statements": 1, "percent_covered": 100.0, "percent_covered_display": "100", "missing_lines": 0, "excluded_lines": 0, "percent_statements_covered": 100.0, "percent_statements_covered_display": "100"}, "missing_lines": [], "excluded_lines": [], "start_line": 485}, "_chunk_date_range": {"executed_lines": [490, 491, 492, 495, 496, 497, 498, 499, 500, 501], "summary": {"covered_lines": 10, "num_statements": 11, "percent_covered": 90.9090909090909, "percent_covered_display": "91", "missing_lines": 1, "excluded_lines": 0, "percent_statements_covered": 90.9090909090909, "percent_statements_covered_display": "91"}, "missing_lines": [493], "excluded_lines": [], "start_line": 489}, "_normalize_tushare_frame": {"executed_lines": [510, 511, 513, 514, 515, 517, 518, 519, 520, 521, 522, 523, 525, 526, 527], "summary": {"covered_lines": 15, "num_statements": 15, "percent_covered": 100.0, "percent_covered_display": "100", "missing_lines": 0, "excluded_lines": 0, "percent_statements_covered": 100.0, "percent_statements_covered_display": "100"}, "missing_lines": [], "excluded_lines": [], "start_line": 504}, "_normalize_date_series": {"executed_lines": [531, 532, 533, 534, 535, 537, 538, 539], "summary": {"covered_lines": 8, "num_statements": 8, "percent_covered": 100.0, "percent_covered_display": "100", "missing_lines": 0, "excluded_lines": 0, "percent_statements_covered": 100.0, "percent_statements_covered_display": "100"}, "missing_lines": [], "excluded_lines": [], "start_line": 530}, "_normalize_datetime_series": {"executed_lines": [543, 544, 545, 547, 548, 549], "summary": {"covered_lines": 6, "num_statements": 6, "percent_covered": 100.0, "percent_covered_display": "100", "missing_lines": 0, "excluded_lines": 0, "percent_statements_covered": 100.0, "percent_statements_covered_display": "100"}, "missing_lines": [], "excluded_lines": [], "start_line": 542}, "_normalize_concept_money_flow_frame": {"executed_lines": [553, 569, 570, 572], "summary": {"covered_lines": 4, "num_statements": 6, "percent_covered": 66.66666666666667, "percent_covered_display": "67", "missing_lines": 2, "excluded_lines": 0, "percent_statements_covered": 66.66666666666667, "percent_statements_covered_display": "67"}, "missing_lines": [554, 571], "excluded_lines": [], "start_line": 552}, "_normalize_industry_money_flow_frame": {"executed_lines": [589, 605, 606, 608], "summary": {"covered_lines": 4, "num_statements": 6, "percent_covered": 66.66666666666667, "percent_covered_display": "67", "missing_lines": 2, "excluded_lines": 0, "percent_statements_covered": 66.66666666666667, "percent_statements_covered_display": "67"}, "missing_lines": [590, 607], "excluded_lines": [], "start_line": 588}, "_normalize_stock_money_flow_frame": {"executed_lines": [625, 641, 642, 645, 646, 647, 648, 649, 650, 651, 657, 659], "summary": {"covered_lines": 12, "num_statements": 14, "percent_covered": 85.71428571428571, "percent_covered_display": "86", "missing_lines": 2, "excluded_lines": 0, "percent_statements_covered": 85.71428571428571, "percent_statements_covered_display": "86"}, "missing_lines": [626, 643], "excluded_lines": [], "start_line": 624}, "": {"executed_lines": [3, 5, 6, 7, 8, 9, 11, 12, 14, 15, 16, 17, 18, 19, 21, 51, 53, 74, 77, 80, 83, 85, 103, 116, 141, 154, 169, 182, 200, 258, 261, 269, 278, 288, 298, 308, 318, 321, 324, 327, 336, 349, 359, 369, 378, 381, 384, 387, 390, 399, 403, 404, 415, 440, 447, 456, 470, 478, 485, 489, 504, 530, 542, 552, 588, 624], "summary": {"covered_lines": 66, "num_statements": 66, "percent_covered": 100.0, "percent_covered_display": "100", "missing_lines": 0, "excluded_lines": 0, "percent_statements_covered": 100.0, "percent_statements_covered_display": "100"}, "missing_lines": [], "excluded_lines": [], "start_line": 1}}, "classes": {"TushareSource": {"executed_lines": [86, 87, 88, 89, 93, 94, 98, 109, 123, 124, 125, 133, 134, 135, 137, 138, 139, 147, 161, 175, 183, 186, 187, 188, 193, 194, 195, 197, 198, 201, 202, 206, 210, 214, 217, 222, 225, 228, 230, 231, 236, 237, 238, 239, 242, 243, 246, 247, 248, 249, 250, 251, 252, 253, 254, 255, 256, 259, 262, 272, 281, 291, 301, 311, 319, 322, 325, 330, 339, 344, 347, 350, 351, 352, 353, 354, 356, 357, 360, 361, 362, 363, 364, 366, 367, 370, 371, 376, 379, 382, 385, 388, 393, 401, 405, 406, 407, 408, 409, 410, 411, 412, 413, 422, 423, 424, 425, 426, 427, 428, 429, 430, 431, 437], "summary": {"covered_lines": 114, "num_statements": 126, "percent_covered": 90.47619047619048, "percent_covered_display": "90", "missing_lines": 12, "excluded_lines": 0, "percent_statements_covered": 90.47619047619048, "percent_statements_covered_display": "90"}, "missing_lines": [136, 184, 196, 215, 223, 229, 241, 244, 345, 346, 355, 365], "excluded_lines": [], "start_line": 80}, "": {"executed_lines": [3, 5, 6, 7, 8, 9, 11, 12, 14, 15, 16, 17, 18, 19, 21, 51, 53, 74, 77, 80, 83, 85, 103, 116, 141, 154, 169, 182, 200, 258, 261, 269, 278, 288, 298, 308, 318, 321, 324, 327, 336, 349, 359, 369, 378, 381, 384, 387, 390, 399, 403, 404, 415, 440, 441, 442, 443, 444, 447, 448, 449, 456, 457, 458, 460, 461, 462, 464, 465, 466, 467, 470, 471, 472, 473, 474, 475, 478, 479, 480, 481, 482, 485, 486, 489, 490, 491, 492, 495, 496, 497, 498, 499, 500, 501, 504, 510, 511, 513, 514, 515, 517, 518, 519, 520, 521, 522, 523, 525, 526, 527, 530, 531, 532, 533, 534, 535, 537, 538, 539, 542, 543, 544, 545, 547, 548, 549, 552, 553, 569, 570, 572, 588, 589, 605, 606, 608, 624, 625, 641, 642, 645, 646, 647, 648, 649, 650, 651, 657, 659], "summary": {"covered_lines": 150, "num_statements": 157, "percent_covered": 95.54140127388536, "percent_covered_display": "96", "missing_lines": 7, "excluded_lines": 0, "percent_statements_covered": 95.54140127388536, "percent_statements_covered_display": "96"}, "missing_lines": [493, 554, 571, 590, 607, 626, 643], "excluded_lines": [], "start_line": 1}}}, "data/storage/__init__.py": {"executed_lines": [], "summary": {"covered_lines": 0, "num_statements": 0, "percent_covered": 100.0, "percent_covered_display": "100", "missing_lines": 0, "excluded_lines": 0, "percent_statements_covered": 100.0, "percent_statements_covered_display": "100"}, "missing_lines": [], "excluded_lines": [], "functions": {"": {"executed_lines": [], "summary": {"covered_lines": 0, "num_statements": 0, "percent_covered": 100.0, "percent_covered_display": "100", "missing_lines": 0, "excluded_lines": 0, "percent_statements_covered": 100.0, "percent_statements_covered_display": "100"}, "missing_lines": [], "excluded_lines": [], "start_line": 1}}, "classes": {"": {"executed_lines": [], "summary": {"covered_lines": 0, "num_statements": 0, "percent_covered": 100.0, "percent_covered_display": "100", "missing_lines": 0, "excluded_lines": 0, "percent_statements_covered": 100.0, "percent_statements_covered_display": "100"}, "missing_lines": [], "excluded_lines": [], "start_line": 1}}}, "data/storage/duckdb_store.py": {"executed_lines": [3, 5, 6, 7, 8, 9, 10, 12, 13, 14, 16, 17, 18, 19, 21, 23, 118, 126, 127, 139, 140, 150, 153, 155, 156, 157, 158, 160, 162, 163, 164, 165, 167, 169, 170, 173, 174, 176, 177, 178, 180, 181, 182, 183, 184, 185, 189, 190, 192, 194, 195, 202, 204, 230, 232, 233, 236, 237, 239, 240, 241, 244, 245, 246, 248, 249, 250, 251, 252, 253, 254, 259, 261, 263, 265, 267, 269, 271, 273, 283, 286, 287, 288, 290, 291, 293, 294, 296, 298, 299, 301, 303, 304, 311, 312, 314, 330, 332, 334, 335, 336, 338, 340, 341, 342, 343, 344, 346, 348, 349, 350, 352, 353, 355, 357, 359, 360, 361, 362, 363, 364, 365, 366, 367, 369, 370, 371, 372, 373, 378, 380, 381, 382, 383, 384, 385, 386, 387, 390, 392, 394, 396, 406, 407, 408, 411, 412, 413, 414, 417, 418, 419, 422, 424, 427, 428, 429, 430, 432, 433, 434, 435, 436, 437], "summary": {"covered_lines": 164, "num_stat
[...]
overed_display": "100", "missing_lines": 0, "excluded_lines": 0, "percent_statements_covered": 100.0, "percent_statements_covered_display": "100"}, "missing_lines": [], "excluded_lines": [], "start_line": 58}, "TestConsistencyValidator.test_validate_frame_alignment_rejects_missing_adj_factor_keys": {"executed_lines": [80, 81, 87, 91, 92, 100, 101], "summary": {"covered_lines": 7, "num_statements": 7, "percent_covered": 100.0, "percent_covered_display": "100", "missing_lines": 0, "excluded_lines": 0, "percent_statements_covered": 100.0, "percent_statements_covered_display": "100"}, "missing_lines": [], "excluded_lines": [], "start_line": 78}, "TestAnomalyDetector.test_detect_daily_bar_anomalies_reports_invalid_rows": {"executed_lines": [109, 110, 142, 144, 151], "summary": {"covered_lines": 5, "num_statements": 5, "percent_covered": 100.0, "percent_covered_display": "100", "missing_lines": 0, "excluded_lines": 0, "percent_statements_covered": 100.0, "percent_statements_covered_display": "100"}, "missing_lines": [], "excluded_lines": [], "start_line": 107}, "TestPriceAdjuster.test_apply_pre_adjustment_scales_prices_by_latest_factor": {"executed_lines": [165, 166, 200, 208, 210, 211, 212, 213], "summary": {"covered_lines": 8, "num_statements": 8, "percent_covered": 100.0, "percent_covered_display": "100", "missing_lines": 0, "excluded_lines": 0, "percent_statements_covered": 100.0, "percent_statements_covered_display": "100"}, "missing_lines": [], "excluded_lines": [], "start_line": 163}, "TestPriceAdjuster.test_apply_post_adjustment_scales_prices_by_first_factor": {"executed_lines": [217, 218, 225, 233, 235], "summary": {"covered_lines": 5, "num_statements": 5, "percent_covered": 100.0, "percent_covered_display": "100", "missing_lines": 0, "excluded_lines": 0, "percent_statements_covered": 100.0, "percent_statements_covered_display": "100"}, "missing_lines": [], "excluded_lines": [], "start_line": 215}, "TestPriceAdjuster.test_apply_without_adjustment_returns_copy_of_input": {"executed_lines": [239, 240, 243, 247, 249, 250], "summary": {"covered_lines": 6, "num_statements": 6, "percent_covered": 100.0, "percent_covered_display": "100", "missing_lines": 0, "excluded_lines": 0, "percent_statements_covered": 100.0, "percent_statements_covered_display": "100"}, "missing_lines": [], "excluded_lines": [], "start_line": 237}, "": {"executed_lines": [3, 5, 7, 8, 10, 11, 12, 13, 14, 17, 20, 35, 55, 58, 78, 104, 107, 160, 163, 215, 237], "summary": {"covered_lines": 21, "num_statements": 21, "percent_covered": 100.0, "percent_covered_display": "100", "missing_lines": 0, "excluded_lines": 0, "percent_statements_covered": 100.0, "percent_statements_covered_display": "100"}, "missing_lines": [], "excluded_lines": [], "start_line": 1}}, "classes": {"TestCompletenessValidator": {"executed_lines": [22, 23, 25, 26, 32, 33, 37, 38, 46, 52], "summary": {"covered_lines": 10, "num_statements": 10, "percent_covered": 100.0, "percent_covered_display": "100", "missing_lines": 0, "excluded_lines": 0, "percent_statements_covered": 100.0, "percent_statements_covered_display": "100"}, "missing_lines": [], "excluded_lines": [], "start_line": 17}, "TestConsistencyValidator": {"executed_lines": [60, 61, 68, 69, 75, 76, 80, 81, 87, 91, 92, 100, 101], "summary": {"covered_lines": 13, "num_statements": 13, "percent_covered": 100.0, "percent_covered_display": "100", "missing_lines": 0, "excluded_lines": 0, "percent_statements_covered": 100.0, "percent_statements_covered_display": "100"}, "missing_lines": [], "excluded_lines": [], "start_line": 55}, "TestAnomalyDetector": {"executed_lines": [109, 110, 142, 144, 151], "summary": {"covered_lines": 5, "num_statements": 5, "percent_covered": 100.0, "percent_covered_display": "100", "missing_lines": 0, "excluded_lines": 0, "percent_statements_covered": 100.0, "percent_statements_covered_display": "100"}, "missing_lines": [], "excluded_lines": [], "start_line": 104}, "TestPriceAdjuster": {"executed_lines": [165, 166, 200, 208, 210, 211, 212, 213, 217, 218, 225, 233, 235, 239, 240, 243, 247, 249, 250], "summary": {"covered_lines": 19, "num_statements": 19, "percent_covered": 100.0, "percent_covered_display": "100", "missing_lines": 0, "excluded_lines": 0, "percent_statements_covered": 100.0, "percent_statements_covered_display": "100"}, "missing_lines": [], "excluded_lines": [], "start_line": 160}, "": {"executed_lines": [3, 5, 7, 8, 10, 11, 12, 13, 14, 17, 20, 35, 55, 58, 78, 104, 107, 160, 163, 215, 237], "summary": {"covered_lines": 21, "num_statements": 21, "percent_covered": 100.0, "percent_covered_display": "100", "missing_lines": 0, "excluded_lines": 0, "percent_statements_covered": 100.0, "percent_statements_covered_display": "100"}, "missing_lines": [], "excluded_lines": [], "start_line": 1}}}, "ui/__init__.py": {"executed_lines": [], "summary": {"covered_lines": 0, "num_statements": 0, "percent_covered": 100.0, "percent_covered_display": "100", "missing_lines": 0, "excluded_lines": 0, "percent_statements_covered": 100.0, "percent_statements_covered_display": "100"}, "missing_lines": [], "excluded_lines": [], "functions": {"": {"executed_lines": [], "summary": {"covered_lines": 0, "num_statements": 0, "percent_covered": 100.0, "percent_covered_display": "100", "missing_lines": 0, "excluded_lines": 0, "percent_statements_covered": 100.0, "percent_statements_covered_display": "100"}, "missing_lines": [], "excluded_lines": [], "start_line": 1}}, "classes": {"": {"executed_lines": [], "summary": {"covered_lines": 0, "num_statements": 0, "percent_covered": 100.0, "percent_covered_display": "100", "missing_lines": 0, "excluded_lines": 0, "percent_statements_covered": 100.0, "percent_statements_covered_display": "100"}, "missing_lines": [], "excluded_lines": [], "start_line": 1}}}, "utils/__init__.py": {"executed_lines": [], "summary": {"covered_lines": 0, "num_statements": 0, "percent_covered": 100.0, "percent_covered_display": "100", "missing_lines": 0, "excluded_lines": 0, "percent_statements_covered": 100.0, "percent_statements_covered_display": "100"}, "missing_lines": [], "excluded_lines": [], "functions": {"": {"executed_lines": [], "summary": {"covered_lines": 0, "num_statements": 0, "percent_covered": 100.0, "percent_covered_display": "100", "missing_lines": 0, "excluded_lines": 0, "percent_statements_covered": 100.0, "percent_statements_covered_display": "100"}, "missing_lines": [], "excluded_lines": [], "start_line": 1}}, "classes": {"": {"executed_lines": [], "summary": {"covered_lines": 0, "num_statements": 0, "percent_covered": 100.0, "percent_covered_display": "100", "missing_lines": 0, "excluded_lines": 0, "percent_statements_covered": 100.0, "percent_statements_covered_display": "100"}, "missing_lines": [], "excluded_lines": [], "start_line": 1}}}, "utils/calendar.py": {"executed_lines": [3, 5, 7, 10, 12, 14, 15, 16, 19, 21, 22, 24, 25, 28, 30], "summary": {"covered_lines": 15, "num_statements": 16, "percent_covered": 93.75, "percent_covered_display": "94", "missing_lines": 1, "excluded_lines": 0, "percent_statements_covered": 93.75, "percent_statements_covered_display": "94"}, "missing_lines": [13], "excluded_lines": [], "functions": {"ensure_date": {"executed_lines": [12, 14, 15, 16], "summary": {"covered_lines": 4, "num_statements": 5, "percent_covered": 80.0, "percent_covered_display": "80", "missing_lines": 1, "excluded_lines": 0, "percent_statements_covered": 80.0, "percent_statements_covered_display": "80"}, "missing_lines": [13], "excluded_lines": [], "start_line": 10}, "date_range": {"executed_lines": [21, 22, 24, 25], "summary": {"covered_lines": 4, "num_statements": 4, "percent_covered": 100.0, "percent_covered_display": "100", "missing_lines": 0, "excluded_lines": 0, "percent_statements_covered": 100.0, "percent_statements_covered_display": "100"}, "missing_lines": [], "excluded_lines": [], "start_line": 19}, "is_weekday": {"executed_lines": [30], "summary": {"covered_lines": 1, "num_statements": 1, "percent_covered": 100.0, "percent_covered_display": "100", "missing_lines": 0, "excluded_lines": 0, "percent_statements_covered": 100.0, "percent_statements_covered_display": "100"}, "missing_lines": [], "excluded_lines": [], "start_line": 28}, "": {"executed_lines": [3, 5, 7, 10, 19, 28], "summary": {"covered_lines": 6, "num_statements": 6, "percent_covered": 100.0, "percent_covered_display": "100", "missing_lines": 0, "excluded_lines": 0, "percent_statements_covered": 100.0, "percent_statements_covered_display": "100"}, "missing_lines": [], "excluded_lines": [], "start_line": 1}}, "classes": {"": {"executed_lines": [3, 5, 7, 10, 12, 14, 15, 16, 19, 21, 22, 24, 25, 28, 30], "summary": {"covered_lines": 15, "num_statements": 16, "percent_covered": 93.75, "percent_covered_display": "94", "missing_lines": 1, "excluded_lines": 0, "percent_statements_covered": 93.75, "percent_statements_covered_display": "94"}, "missing_lines": [13], "excluded_lines": [], "start_line": 1}}}, "utils/exception.py": {"executed_lines": [4, 8, 12, 16, 20], "summary": {"covered_lines": 5, "num_statements": 5, "percent_covered": 100.0, "percent_covered_display": "100", "missing_lines": 0, "excluded_lines": 0, "percent_statements_covered": 100.0, "percent_statements_covered_display": "100"}, "missing_lines": [], "excluded_lines": [], "functions": {"": {"executed_lines": [4, 8, 12, 16, 20], "summary": {"covered_lines": 5, "num_statements": 5, "percent_covered": 100.0, "percent_covered_display": "100", "missing_lines": 0, "excluded_lines": 0, "percent_statements_covered": 100.0, "percent_statements_covered_display": "100"}, "missing_lines": [], "excluded_lines": [], "start_line": 1}}, "classes": {"QuantSystemError": {"executed_lines": [], "summary": {"covered_lines": 0, "num_statements": 0, "percent_covered": 100.0, "percent_covered_display": "100", "missing_lines": 0, "excluded_lines": 0, "percent_statements_covered": 100.0, "percent_statements_covered_display": "100"}, "missing_lines": [], "excluded_lines": [], "start_line": 4}, "ConfigError": {"executed_lines": [], "summary": {"covered_lines": 0, "num_statements": 0, "percent_covered": 100.0, "percent_covered_display": "100", "missing_lines": 0, "excluded_lines": 0, "percent_statements_covered": 100.0, "percent_statements_covered_display": "100"}, "missing_lines": [], "excluded_lines": [], "start_line": 8}, "DataSourceError": {"executed_lines": [], "summary": {"covered_lines": 0, "num_statements": 0, "percent_covered": 100.0, "percent_covered_display": "100", "missing_lines": 0, "excluded_lines": 0, "percent_statements_covered": 100.0, "percent_statements_covered_display": "100"}, "missing_lines": [], "excluded_lines": [], "start_line": 12}, "StorageError": {"executed_lines": [], "summary": {"covered_lines": 0, "num_statements": 0, "percent_covered": 100.0, "percent_covered_display": "100", "missing_lines": 0, "excluded_lines": 0, "percent_statements_covered": 100.0, "percent_statements_covered_display": "100"}, "missing_lines": [], "excluded_lines": [], "start_line": 16}, "ValidationError": {"executed_lines": [], "summary": {"covered_lines": 0, "num_statements": 0, "percent_covered": 100.0, "percent_covered_display": "100", "missing_lines": 0, "excluded_lines": 0, "percent_statements_covered": 100.0, "percent_statements_covered_display": "100"}, "missing_lines": [], "excluded_lines": [], "start_line": 20}, "": {"executed_lines": [4, 8, 12, 16, 20], "summary": {"covered_lines": 5, "num_statements": 5, "percent_covered": 100.0, "percent_covered_display": "100", "missing_lines": 0, "excluded_lines": 0, "percent_statements_covered": 100.0, "percent_statements_covered_display": "100"}, "missing_lines": [], "excluded_lines": [], "start_line": 1}}}, "utils/logger.py": {"executed_lines": [3, 5, 6, 7, 9, 11, 16, 18, 21, 27, 29, 30, 31, 34, 36, 37, 38, 40, 43, 44, 45, 51, 52, 53, 62, 65, 67], "summary": {"covered_lines": 27, "num_statements": 28, "percent_covered": 96.42857142857143, "percent_covered_display": "96", "missing_lines": 1, "excluded_lines": 2, "percent_statements_covered": 96.42857142857143, "percent_statements_covered_display": "96"}, "missing_lines": [41], "excluded_lines": [13, 14], "functions": {"_module_filter": {"executed_lines": [29, 30, 31], "summary": {"covered_lines": 3, "num_statements": 3, "percent_covered": 100.0, "percent_covered_display": "100", "missing_lines": 0, "excluded_lines": 0, "percent_statements_covered": 100.0, "percent_statements_covered_display": "100"}, "missing_lines": [], "excluded_lines": [], "start_line": 27}, "configure_logger": {"executed_lines": [36, 37, 38, 40, 43, 44, 45, 51, 52, 53, 62], "summary": {"covered_lines": 11, "num_statements": 12, "percent_covered": 91.66666666666667, "percent_covered_display": "92", "missing_lines": 1, "excluded_lines": 0, "percent_statements_covered": 91.66666666666667, "percent_statements_covered_display": "92"}, "missing_lines": [41], "excluded_lines": [], "start_line": 34}, "get_logger": {"executed_lines": [67], "summary": {"covered_lines": 1, "num_statements": 1, "percent_covered": 100.0, "percent_covered_display": "100", "missing_lines": 0, "excluded_lines": 0, "percent_statements_covered": 100.0, "percent_statements_covered_display": "100"}, "missing_lines": [], "excluded_lines": [], "start_line": 65}, "": {"executed_lines": [3, 5, 6, 7, 9, 11, 16, 18, 21, 27, 34, 65], "summary": {"covered_lines": 12, "num_statements": 12, "percent_covered": 100.0, "percent_covered_display": "100", "missing_lines": 0, "excluded_lines": 2, "percent_statements_covered": 100.0, "percent_statements_covered_display": "100"}, "missing_lines": [], "excluded_lines": [13, 14], "start_line": 1}}, "classes": {"": {"executed_lines": [3, 5, 6, 7, 9, 11, 16, 18, 21, 27, 29, 30, 31, 34, 36, 37, 38, 40, 43, 44, 45, 51, 52, 53, 62, 65, 67], "summary": {"covered_lines": 27, "num_statements": 28, "percent_covered": 96.42857142857143, "percent_covered_display": "96", "missing_lines": 1, "excluded_lines": 2, "percent_statements_covered": 96.42857142857143, "percent_statements_covered_display": "96"}, "missing_lines": [41], "excluded_lines": [13, 14], "start_line": 1}}}, "utils/rate_limiter.py": {"executed_lines": [2, 3, 4, 7, 8, 13, 14, 15, 17, 19, 21, 23, 24, 25, 27, 29, 31, 32, 33, 34, 35, 36, 38, 40, 42, 43, 44, 45, 46, 47, 48, 49, 51, 53, 54, 55, 57, 58, 59, 61, 63, 64, 65, 66], "summary": {"covered_lines": 44, "num_statements": 48, "percent_covered": 91.66666666666667, "percent_covered_display": "92", "missing_lines": 4, "excluded_lines": 0, "percent_statements_covered": 91.66666666666667, "percent_statements_covered_display": "92"}, "missing_lines": [20, 22, 30, 41], "excluded_lines": [], "functions": {"TokenBucketRateLimiter.__post_init__": {"executed_lines": [19, 21, 23, 24, 25], "summary": {"covered_lines": 5, "num_statements": 7, "percent_covered": 71.42857142857143, "percent_covered_display": "71", "missing_lines": 2, "excluded_lines": 0, "percent_statements_covered": 71.42857142857143, "percent_statements_covered_display": "71"}, "missing_lines": [20, 22], "excluded_lines": [], "start_line": 17}, "TokenBucketRateLimiter.consume": {"executed_lines": [29, 31, 32, 33, 34, 35, 36], "summary": {"covered_lines": 7, "num_statements": 8, "percent_covered": 87.5, "percent_covered_display": "88", "missing_lines": 1, "excluded_lines": 0, "percent_statements_covered": 87.5, "percent_statements_covered_display": "88"}, "missing_lines": [30], "excluded_lines": [], "start_line": 27}, "TokenBucketRateLimiter.acquire": {"executed_lines": [40, 42, 43, 44, 45, 46, 47, 48, 49], "summary": {"covered_lines": 9, "num_statements": 10, "percent_covered": 90.0, "percent_covered_display": "90", "missing_lines": 1, "excluded_lines": 0, "percent_statements_covered": 90.0, "percent_statements_covered_display": "90"}, "missing_lines": [41], "excluded_lines": [], "start_line": 38}, "TokenBucketRateLimiter.available_tokens": {"executed_lines": [53, 54, 55], "summary": {"covered_lines": 3, "num_statements": 3, "percent_covered": 100.0, "percent_covered_display": "100", "missing_lines": 0, "excluded_lines": 0, "percent_statements_covered": 100.0, "percent_statements_covered_display": "100"}, "missing_lines": [], "excluded_lines": [], "start_line": 51}, "TokenBucketRateLimiter._wait_seconds": {"executed_lines": [58, 59], "summary": {"covered_lines": 2, "num_statements": 2, "percent_covered": 100.0, "percent_covered_display": "100", "missing_lines": 0, "excluded_lines": 0, "percent_statements_covered": 100.0, "percent_statements_covered_display": "100"}, "missing_lines": [], "excluded_lines": [], "start_line": 57}, "TokenBucketRateLimiter._refill": {"executed_lines": [63, 64, 65, 66], "summary": {"covered_lines": 4, "num_statements": 4, "percent_covered": 100.0, "percent_covered_display": "100", "missing_lines": 0, "excluded_lines": 0, "percent_statements_covered": 100.0, "percent_statements_covered_display": "100"}, "missing_lines": [], "excluded_lines": [], "start_line": 61}, "": {"executed_lines": [2, 3, 4, 7, 8, 13, 14, 15, 17, 27, 38, 51, 57, 61], "summary": {"covered_lines": 14, "num_statements": 14, "percent_covered": 100.0, "percent_covered_display": "100", "missing_lines": 0, "excluded_lines": 0, "percent_statements_covered": 100.0, "percent_statements_covered_display": "100"}, "missing_lines": [], "excluded_lines": [], "start_line": 1}}, "classes": {"TokenBucketRateLimiter": {"executed_lines": [19, 21, 23, 24, 25, 29, 31, 32, 33, 34, 35, 36, 40, 42, 43, 44, 45, 46, 47, 48, 49, 53, 54, 55, 58, 59, 63, 64, 65, 66], "summary": {"covered_lines": 30, "num_statements": 34, "percent_covered": 88.23529411764706, "percent_covered_display": "88", "missing_lines": 4, "excluded_lines": 0, "percent_statements_covered": 88.23529411764706, "percent_statements_covered_display": "88"}, "missing_lines": [20, 22, 30, 41], "excluded_lines": [], "start_line": 8}, "": {"executed_lines": [2, 3, 4, 7, 8, 13, 14, 15, 17, 27, 38, 51, 57, 61], "summary": {"covered_lines": 14, "num_statements": 14, "percent_covered": 100.0, "percent_covered_display": "100", "missing_lines": 0, "excluded_lines": 0, "percent_statements_covered": 100.0, "percent_statements_covered_display": "100"}, "missing_lines": [], "excluded_lines": [], "start_line": 1}}}, "utils/retry.py": {"executed_lines": [3, 5, 6, 8, 10, 11, 14, 21, 22, 23, 24, 25, 26, 28], "summary": {"covered_lines": 14, "num_statements": 14, "percent_covered": 100.0, "percent_covered_display": "100", "missing_lines": 0, "excluded_lines": 0, "percent_statements_covered": 100.0, "percent_statements_covered_display": "100"}, "missing_lines": [], "excluded_lines": [], "functions": {"retry_on": {"executed_lines": [21, 22, 23, 24, 25, 26, 28], "summary": {"covered_lines": 7, "num_statements": 7, "percent_covered": 100.0, "percent_covered_display": "100", "missing_lines": 0, "excluded_lines": 0, "percent_statements_covered": 100.0, "percent_statements_covered_display": "100"}, "missing_lines": [], "excluded_lines": [], "start_line": 14}, "": {"executed_lines": [3, 5, 6, 8, 10, 11, 14], "summary": {"covered_lines": 7, "num_statements": 7, "percent_covered": 100.0, "percent_covered_display": "100", "missing_lines": 0, "excluded_lines": 0, "percent_statements_covered": 100.0, "percent_statements_covered_display": "100"}, "missing_lines": [], "excluded_lines": [], "start_line": 1}}, "classes": {"": {"executed_lines": [3, 5, 6, 8, 10, 11, 14, 21, 22, 23, 24, 25, 26, 28], "summary": {"covered_lines": 14, "num_statements": 14, "percent_covered": 100.0, "percent_covered_display": "100", "missing_lines": 0, "excluded_lines": 0, "percent_statements_covered": 100.0, "percent_statements_covered_display": "100"}, "missing_lines": [], "excluded_lines": [], "start_line": 1}}}}, "totals": {"covered_lines": 5383, "num_statements": 6181, "percent_covered": 87.08946772366932, "percent_covered_display": "87", "missing_lines": 798, "excluded_lines": 37, "percent_statements_covered": 87.08946772366932, "percent_statements_covered_display": "87"}}